{"numTotalTestSuites":330,"numPassedTestSuites":330,"numFailedTestSuites":0,"numPendingTestSuites":0,"numTotalTests":658,"numPassedTests":657,"numFailedTests":0,"numPendingTests":1,"numTodoTests":0,"snapshot":{"added":0,"failure":false,"filesAdded":0,"filesRemoved":0,"filesRemovedList":[],"filesUnmatched":0,"filesUpdated":0,"matched":0,"total":0,"unchecked":0,"uncheckedKeysByFile":[],"unmatched":0,"updated":0,"didUpdate":false},"startTime":1776646249581,"success":true,"testResults":[{"assertionResults":[{"ancestorTitles":["Entitlement/Auth Regression Invariants"],"fullName":"Entitlement/Auth Regression Invariants auth_cookie_only_api_rag_v2_rejects_bearer","status":"passed","title":"auth_cookie_only_api_rag_v2_rejects_bearer","duration":98.29590000000098,"failureMessages":[],"meta":{}},{"ancestorTitles":["Entitlement/Auth Regression Invariants"],"fullName":"Entitlement/Auth Regression Invariants auth_rag_v2_requires_cookie","status":"passed","title":"auth_rag_v2_requires_cookie","duration":20.85979999999836,"failureMessages":[],"meta":{}},{"ancestorTitles":["Entitlement/Auth Regression Invariants"],"fullName":"Entitlement/Auth Regression Invariants rag_v2_userid_from_auth_not_body","status":"passed","title":"rag_v2_userid_from_auth_not_body","duration":64.61439999999857,"failureMessages":[],"meta":{}},{"ancestorTitles":["Entitlement/Auth Regression Invariants"],"fullName":"Entitlement/Auth Regression Invariants admin_db_health_requires_admin","status":"passed","title":"admin_db_health_requires_admin","duration":20.680599999999686,"failureMessages":[],"meta":{}}],"startTime":1776646275852,"endTime":1776646276056.6807,"status":"passed","message":"","name":"C:/Users/14438/projects/Lyceonai/tests/entitlements.regression.test.ts"},{"assertionResults":[{"ancestorTitles":["Webhook & Entitlements Tests"],"fullName":"Webhook & Entitlements Tests duplicate webhook replay does not double-write","status":"passed","title":"duplicate webhook replay does not double-write","duration":10.229900000005728,"failureMessages":[],"meta":{}},{"ancestorTitles":["Webhook & Entitlements Tests"],"fullName":"Webhook & Entitlements Tests out-of-order webhook events resolve to latest subscription state from Stripe","status":"passed","title":"out-of-order webhook events resolve to latest subscription state from Stripe","duration":10.85899999999674,"failureMessages":[],"meta":{}},{"ancestorTitles":["Webhook & Entitlements Tests"],"fullName":"Webhook & Entitlements Tests guardian-paid checkout writes entitlement to the linked student account","status":"passed","title":"guardian-paid checkout writes entitlement to the linked student account","duration":3.9769999999989523,"failureMessages":[],"meta":{}},{"ancestorTitles":["Webhook & Entitlements Tests"],"fullName":"Webhook & Entitlements Tests webhook fails closed when account_id metadata is missing","status":"passed","title":"webhook fails closed when account_id metadata is missing","duration":8.003600000003644,"failureMessages":[],"meta":{}}],"startTime":1776646282413,"endTime":1776646282446.0037,"status":"passed","message":"","name":"C:/Users/14438/projects/Lyceonai/tests/entitlements.webhook.test.ts"},{"assertionResults":[{"ancestorTitles":["IDOR Regression Invariants"],"fullName":"IDOR Regression Invariants tutor_runtime_userid_from_auth_not_body","status":"passed","title":"tutor_runtime_userid_from_auth_not_body","duration":150.48949999999968,"failureMessages":[],"meta":{}},{"ancestorTitles":["IDOR Regression Invariants"],"fullName":"IDOR Regression Invariants progress_review_attempt_rejects_foreign_session","status":"passed","title":"progress_review_attempt_rejects_foreign_session","duration":39.44279999999708,"failureMessages":[],"meta":{}}],"startTime":1776646276813,"endTime":1776646277003.4429,"status":"passed","message":"","name":"C:/Users/14438/projects/Lyceonai/tests/idor.regression.test.ts"},{"assertionResults":[{"ancestorTitles":["Canonical Mastery Event Behavior"],"fullName":"Canonical Mastery Event Behavior routes mastery events through apply_learning_event_to_mastery with deterministic payload","status":"passed","title":"routes mastery events through apply_learning_event_to_mastery with deterministic payload","duration":10.379899999999907,"failureMessages":[],"meta":{}},{"ancestorTitles":["Canonical Mastery Event Behavior"],"fullName":"Canonical Mastery Event Behavior fails closed on invalid difficulty bucket and does not call RPC","status":"passed","title":"fails closed on invalid difficulty bucket and does not call RPC","duration":4.879999999997381,"failureMessages":[],"meta":{}}],"startTime":1776646285211,"endTime":1776646285225.88,"status":"passed","message":"","name":"C:/Users/14438/projects/Lyceonai/tests/mastery.canonical-events.test.ts"},{"assertionResults":[{"ancestorTitles":["Mastery Difficulty Weights and Rounding","1. Deterministic Rounding - Precision Enforcement"],"fullName":"Mastery Difficulty Weights and Rounding 1. Deterministic Rounding - Precision Enforcement should enforce exactly ROUND_EVIDENCE_DECIMALS precision for E and C","status":"passed","title":"should enforce exactly ROUND_EVIDENCE_DECIMALS precision for E and C","duration":6.598899999997229,"failureMessages":[],"meta":{}},{"ancestorTitles":["Mastery Difficulty Weights and Rounding","1. Deterministic Rounding - Precision Enforcement"],"fullName":"Mastery Difficulty Weights and Rounding 1. Deterministic Rounding - Precision Enforcement should enforce exactly ROUND_ACCURACY_DECIMALS precision for accuracy","status":"passed","title":"should enforce exactly ROUND_ACCURACY_DECIMALS precision for accuracy","duration":0.606500000001688,"failureMessages":[],"meta":{}},{"ancestorTitles":["Mastery Difficulty Weights and Rounding","1. Deterministic Rounding - Precision Enforcement"],"fullName":"Mastery Difficulty Weights and Rounding 1. Deterministic Rounding - Precision Enforcement should enforce exactly ROUND_MASTERY_SCORE_DECIMALS precision for mastery_score","status":"passed","title":"should enforce exactly ROUND_MASTERY_SCORE_DECIMALS precision for mastery_score","duration":0.4547000000020489,"failureMessages":[],"meta":{}},{"ancestorTitles":["Mastery Difficulty Weights and Rounding","1. Deterministic Rounding - Precision Enforcement"],"fullName":"Mastery Difficulty Weights and Rounding 1. Deterministic Rounding - Precision Enforcement should apply deterministic rounding consistently across updates","status":"passed","title":"should apply deterministic rounding consistently across updates","duration":1.1674999999959255,"failureMessages":[],"meta":{}},{"ancestorTitles":["Mastery Difficulty Weights and Rounding","2. Difficulty Weights - Evidence Impact"],"fullName":"Mastery Difficulty Weights and Rounding 2. Difficulty Weights - Evidence Impact should apply difficulty weight to both E and C","status":"passed","title":"should apply difficulty weight to both E and C","duration":2.801899999998568,"failureMessages":[],"meta":{}},{"ancestorTitles":["Mastery Difficulty Weights and Rounding","2. Difficulty Weights - Evidence Impact"],"fullName":"Mastery Difficulty Weights and Rounding 2. Difficulty Weights - Evidence Impact should weight hard questions 1.2x more than easy for same event type","status":"passed","title":"should weight hard questions 1.2x more than easy for same event type","duration":1.159299999999348,"failureMessages":[],"meta":{}},{"ancestorTitles":["Mastery Difficulty Weights and Rounding","2. Difficulty Weights - Evidence Impact"],"fullName":"Mastery Difficulty Weights and Rounding 2. Difficulty Weights - Evidence Impact should apply difficulty weight to incorrect answers (E only)","status":"passed","title":"should apply difficulty weight to incorrect answers (E only)","duration":1.7159000000028755,"failureMessages":[],"meta":{}},{"ancestorTitles":["Mastery Difficulty Weights and Rounding","2. Difficulty Weights - Evidence Impact"],"fullName":"Mastery Difficulty Weights and Rounding 2. Difficulty Weights - Evidence Impact should combine event weight and difficulty weight multiplicatively","status":"passed","title":"should combine event weight and difficulty weight multiplicatively","duration":0.8654000000024098,"failureMessages":[],"meta":{}},{"ancestorTitles":["Mastery Difficulty Weights and Rounding","3. Edge Cases with Difficulty Weights"],"fullName":"Mastery Difficulty Weights and Rounding 3. Edge Cases with Difficulty Weights should handle null/missing difficulty as default 1.0","status":"passed","title":"should handle null/missing difficulty as default 1.0","duration":0.9337999999988824,"failureMessages":[],"meta":{}},{"ancestorTitles":["Mastery Difficulty Weights and Rounding","3. Edge Cases with Difficulty Weights"],"fullName":"Mastery Difficulty Weights and Rounding 3. Edge Cases with Difficulty Weights should not produce NaN with difficulty weights and extreme decay","status":"passed","title":"should not produce NaN with difficulty weights and extreme decay","duration":0.665499999995518,"failureMessages":[],"meta":{}},{"ancestorTitles":["Mastery Difficulty Weights and Rounding","3. Edge Cases with Difficulty Weights"],"fullName":"Mastery Difficulty Weights and Rounding 3. Edge Cases with Difficulty Weights should handle rounding edge case: p exactly 0.5 → mastery_score 50.00","status":"passed","title":"should handle rounding edge case: p exactly 0.5 → mastery_score 50.00","duration":0.4793999999965308,"failureMessages":[],"meta":{}},{"ancestorTitles":["Mastery Difficulty Weights and Rounding","4. Formula Invariants with Difficulty Weights"],"fullName":"Mastery Difficulty Weights and Rounding 4. Formula Invariants with Difficulty Weights should always produce E >= C (attempts >= correct)","status":"passed","title":"should always produce E >= C (attempts >= correct)","duration":0.865300000004936,"failureMessages":[],"meta":{}},{"ancestorTitles":["Mastery Difficulty Weights and Rounding","4. Formula Invariants with Difficulty Weights"],"fullName":"Mastery Difficulty Weights and Rounding 4. Formula Invariants with Difficulty Weights should produce mastery_score in [0, 100] regardless of weights","status":"passed","title":"should produce mastery_score in [0, 100] regardless of weights","duration":0.6907000000064727,"failureMessages":[],"meta":{}},{"ancestorTitles":["Mastery Difficulty Weights and Rounding","4. Formula Invariants with Difficulty Weights"],"fullName":"Mastery Difficulty Weights and Rounding 4. Formula Invariants with Difficulty Weights should ensure p increases with C for fixed E (monotonicity)","status":"passed","title":"should ensure p increases with C for fixed E (monotonicity)","duration":1.665099999998347,"failureMessages":[],"meta":{}}],"startTime":1776646284141,"endTime":1776646284164.665,"status":"passed","message":"","name":"C:/Users/14438/projects/Lyceonai/tests/mastery.difficulty-weights-rounding.test.ts"},{"assertionResults":[{"ancestorTitles":["Mastery Event Routing Contract"],"fullName":"Mastery Event Routing Contract maps practice submit outcomes through applyLearningEventToMastery with sourceFamily=practice","status":"passed","title":"maps practice submit outcomes through applyLearningEventToMastery with sourceFamily=practice","duration":4.120900000001711,"failureMessages":[],"meta":{}},{"ancestorTitles":["Mastery Event Routing Contract"],"fullName":"Mastery Event Routing Contract maps full-test outcomes through applyLearningEventToMastery with sourceFamily=test","status":"passed","title":"maps full-test outcomes through applyLearningEventToMastery with sourceFamily=test","duration":3.16820000000007,"failureMessages":[],"meta":{}},{"ancestorTitles":["Mastery Event Routing Contract"],"fullName":"Mastery Event Routing Contract keeps deprecated runtime mastery event names out of active service/routes code","status":"passed","title":"keeps deprecated runtime mastery event names out of active service/routes code","duration":12.614499999996042,"failureMessages":[],"meta":{}}],"startTime":1776646284845,"endTime":1776646284865.6145,"status":"passed","message":"","name":"C:/Users/14438/projects/Lyceonai/tests/mastery.event-routing.contract.test.ts"},{"assertionResults":[{"ancestorTitles":["True Half-Life Mastery Edge Cases","1. Deep Freeze - Regression to Prior Mean"],"fullName":"True Half-Life Mastery Edge Cases 1. Deep Freeze - Regression to Prior Mean should regress high mastery toward prior mean after huge time gap","status":"passed","title":"should regress high mastery toward prior mean after huge time gap","duration":5.997699999999895,"failureMessages":[],"meta":{}},{"ancestorTitles":["True Half-Life Mastery Edge Cases","1. Deep Freeze - Regression to Prior Mean"],"fullName":"True Half-Life Mastery Edge Cases 1. Deep Freeze - Regression to Prior Mean should not produce NaN or Infinity even with extreme decay","status":"passed","title":"should not produce NaN or Infinity even with extreme decay","duration":1.0034000000014203,"failureMessages":[],"meta":{}},{"ancestorTitles":["True Half-Life Mastery Edge Cases","2. Perfect Prodigy - Asymptotic Approach to p=1"],"fullName":"True Half-Life Mastery Edge Cases 2. Perfect Prodigy - Asymptotic Approach to p=1 should approach p=1 with 1000 correct attempts but not exactly reach it","status":"passed","title":"should approach p=1 with 1000 correct attempts but not exactly reach it","duration":1.0420999999987544,"failureMessages":[],"meta":{}},{"ancestorTitles":["True Half-Life Mastery Edge Cases","2. Perfect Prodigy - Asymptotic Approach to p=1"],"fullName":"True Half-Life Mastery Edge Cases 2. Perfect Prodigy - Asymptotic Approach to p=1 should handle 1000 incorrect attempts without underflow","status":"passed","title":"should handle 1000 incorrect attempts without underflow","duration":1.2004999999990105,"failureMessages":[],"meta":{}},{"ancestorTitles":["True Half-Life Mastery Edge Cases","3. Event Weight Bias - Equivalent Impact"],"fullName":"True Half-Life Mastery Edge Cases 3. Event Weight Bias - Equivalent Impact should yield same p for 10 practice vs 8 diagnostic (weighted)","status":"passed","title":"should yield same p for 10 practice vs 8 diagnostic (weighted)","duration":1.0850000000027649,"failureMessages":[],"meta":{}},{"ancestorTitles":["True Half-Life Mastery Edge Cases","3. Event Weight Bias - Equivalent Impact"],"fullName":"True Half-Life Mastery Edge Cases 3. Event Weight Bias - Equivalent Impact should respect event weight differences for same attempt count","status":"passed","title":"should respect event weight differences for same attempt count","duration":0.698499999998603,"failureMessages":[],"meta":{}},{"ancestorTitles":["True Half-Life Mastery Edge Cases","4. Underflow - Single Attempt + Long Gap"],"fullName":"True Half-Life Mastery Edge Cases 4. Underflow - Single Attempt + Long Gap should remain stable with single attempt + 500 day gap","status":"passed","title":"should remain stable with single attempt + 500 day gap","duration":0.9870000000009895,"failureMessages":[],"meta":{}},{"ancestorTitles":["True Half-Life Mastery Edge Cases","4. Underflow - Single Attempt + Long Gap"],"fullName":"True Half-Life Mastery Edge Cases 4. Underflow - Single Attempt + Long Gap should handle zero existing attempts gracefully (cold start)","status":"passed","title":"should handle zero existing attempts gracefully (cold start)","duration":0.7184999999990396,"failureMessages":[],"meta":{}},{"ancestorTitles":["True Half-Life Mastery Edge Cases","4. Underflow - Single Attempt + Long Gap"],"fullName":"True Half-Life Mastery Edge Cases 4. Underflow - Single Attempt + Long Gap should never produce divide-by-zero with priors","status":"passed","title":"should never produce divide-by-zero with priors","duration":1.6267000000007101,"failureMessages":[],"meta":{}},{"ancestorTitles":["True Half-Life Mastery Edge Cases","5. Formula Invariants - Sanity Checks"],"fullName":"True Half-Life Mastery Edge Cases 5. Formula Invariants - Sanity Checks should always produce p in (0, 1) range","status":"passed","title":"should always produce p in (0, 1) range","duration":2.4658000000017637,"failureMessages":[],"meta":{}},{"ancestorTitles":["True Half-Life Mastery Edge Cases","5. Formula Invariants - Sanity Checks"],"fullName":"True Half-Life Mastery Edge Cases 5. Formula Invariants - Sanity Checks should produce mastery_score in [0, 100] range","status":"passed","title":"should produce mastery_score in [0, 100] range","duration":1.2468000000008033,"failureMessages":[],"meta":{}},{"ancestorTitles":["True Half-Life Mastery Edge Cases","5. Formula Invariants - Sanity Checks"],"fullName":"True Half-Life Mastery Edge Cases 5. Formula Invariants - Sanity Checks should ensure p increases monotonically with C for fixed E","status":"passed","title":"should ensure p increases monotonically with C for fixed E","duration":0.9783999999999651,"failureMessages":[],"meta":{}},{"ancestorTitles":["True Half-Life Mastery Edge Cases","5. Formula Invariants - Sanity Checks"],"fullName":"True Half-Life Mastery Edge Cases 5. Formula Invariants - Sanity Checks should ensure decay factor decreases exponentially with time","status":"passed","title":"should ensure decay factor decreases exponentially with time","duration":1.080500000000029,"failureMessages":[],"meta":{}}],"startTime":1776646281355,"endTime":1776646281381.0806,"status":"passed","message":"","name":"C:/Users/14438/projects/Lyceonai/tests/mastery.true-halflife.edgecases.test.ts"},{"assertionResults":[{"ancestorTitles":["Mastery Write Paths Guard"],"fullName":"Mastery Write Paths Guard should enforce single choke point for mastery writes","status":"passed","title":"should enforce single choke point for mastery writes","duration":150.90229999999792,"failureMessages":[],"meta":{}},{"ancestorTitles":["Mastery Write Paths Guard"],"fullName":"Mastery Write Paths Guard should verify choke point module contains expected write operations","status":"passed","title":"should verify choke point module contains expected write operations","duration":1.5601999999998952,"failureMessages":[],"meta":{}},{"ancestorTitles":["Mastery Write Paths Guard"],"fullName":"Mastery Write Paths Guard should prevent RPC calls to mastery functions outside choke point","status":"passed","title":"should prevent RPC calls to mastery functions outside choke point","duration":137.8011000000006,"failureMessages":[],"meta":{}}],"startTime":1776646266835,"endTime":1776646267125.801,"status":"passed","message":"","name":"C:/Users/14438/projects/Lyceonai/tests/mastery.writepaths.guard.test.ts"},{"assertionResults":[{"ancestorTitles":["Legacy Questions Validate Path Quarantine"],"fullName":"Legacy Questions Validate Path Quarantine returns 404 for unauthenticated requests","status":"passed","title":"returns 404 for unauthenticated requests","duration":105.05290000000241,"failureMessages":[],"meta":{}},{"ancestorTitles":["Legacy Questions Validate Path Quarantine"],"fullName":"Legacy Questions Validate Path Quarantine returns 404 even with bearer auth","status":"passed","title":"returns 404 even with bearer auth","duration":17.384699999998702,"failureMessages":[],"meta":{}}],"startTime":1776646277624,"endTime":1776646277746.3848,"status":"passed","message":"","name":"C:/Users/14438/projects/Lyceonai/tests/practice.validate.regression.test.ts"},{"assertionResults":[{"ancestorTitles":["RAG Security Surface"],"fullName":"RAG Security Surface keeps legacy /api/rag unmounted (404)","status":"passed","title":"keeps legacy /api/rag unmounted (404)","duration":112.46860000000015,"failureMessages":[],"meta":{}},{"ancestorTitles":["RAG Security Surface"],"fullName":"RAG Security Surface uses authenticated req.user.id for /api/rag/v2 and ignores body userId","status":"passed","title":"uses authenticated req.user.id for /api/rag/v2 and ignores body userId","duration":34.67119999999704,"failureMessages":[],"meta":{}},{"ancestorTitles":["RAG Security Surface"],"fullName":"RAG Security Surface sanitizes primary question reveal fields for student /api/rag/v2 calls","status":"passed","title":"sanitizes primary question reveal fields for student /api/rag/v2 calls","duration":15.087900000002264,"failureMessages":[],"meta":{}},{"ancestorTitles":["RAG Security Surface"],"fullName":"RAG Security Surface sanitizes supporting question reveal fields for student /api/rag/v2 calls","status":"passed","title":"sanitizes supporting question reveal fields for student /api/rag/v2 calls","duration":12.10399999999936,"failureMessages":[],"meta":{}},{"ancestorTitles":["RAG Security Surface"],"fullName":"RAG Security Surface generic authenticated student calls cannot leak answer or explanation fields","status":"passed","title":"generic authenticated student calls cannot leak answer or explanation fields","duration":21.40439999999944,"failureMessages":[],"meta":{}}],"startTime":1776646272311,"endTime":1776646272507.4043,"status":"passed","message":"","name":"C:/Users/14438/projects/Lyceonai/tests/rag.security.test.ts"},{"assertionResults":[{"ancestorTitles":["Review Error -> Canonical Mastery Bridge"],"fullName":"Review Error -> Canonical Mastery Bridge emits REVIEW_PASS when retry is correct without tutor context","status":"passed","title":"emits REVIEW_PASS when retry is correct without tutor context","duration":18.407700000003388,"failureMessages":[],"meta":{}},{"ancestorTitles":["Review Error -> Canonical Mastery Bridge"],"fullName":"Review Error -> Canonical Mastery Bridge emits REVIEW_PASS only when tutor context is present (no tutor mastery)","status":"passed","title":"emits REVIEW_PASS only when tutor context is present (no tutor mastery)","duration":2.9089999999996508,"failureMessages":[],"meta":{}}],"startTime":1776646282457,"endTime":1776646282477.909,"status":"passed","message":"","name":"C:/Users/14438/projects/Lyceonai/tests/review-errors.mastery-bridge.test.ts"},{"assertionResults":[{"ancestorTitles":["Review queue runtime contract"],"fullName":"Review queue runtime contract builds deterministic unresolved queue from canonical misses and dedupes by question","status":"passed","title":"builds deterministic unresolved queue from canonical misses and dedupes by question","duration":25.364800000003015,"failureMessages":[],"meta":{}},{"ancestorTitles":["Review queue runtime contract"],"fullName":"Review queue runtime contract includes full-test misses when no practice miss exists","status":"passed","title":"includes full-test misses when no practice miss exists","duration":2.155400000003283,"failureMessages":[],"meta":{}},{"ancestorTitles":["Review queue runtime contract"],"fullName":"Review queue runtime contract denies unauthenticated access","status":"passed","title":"denies unauthenticated access","duration":0.8638999999966472,"failureMessages":[],"meta":{}},{"ancestorTitles":["Review queue runtime contract"],"fullName":"Review queue runtime contract requires explicit review mode","status":"passed","title":"requires explicit review mode","duration":2.2027999999991152,"failureMessages":[],"meta":{}},{"ancestorTitles":["Review queue runtime contract"],"fullName":"Review queue runtime contract does not derive canonical identity from canonical-shaped question_id when canonical_id is missing","status":"passed","title":"does not derive canonical identity from canonical-shaped question_id when canonical_id is missing","duration":1.6565999999947962,"failureMessages":[],"meta":{}},{"ancestorTitles":["Review queue runtime contract"],"fullName":"Review queue runtime contract filters queue to a single practice session when mode=by_practice_session","status":"passed","title":"filters queue to a single practice session when mode=by_practice_session","duration":1.0392999999967287,"failureMessages":[],"meta":{}},{"ancestorTitles":["Review queue runtime contract"],"fullName":"Review queue runtime contract filters queue to a single full-length session when mode=by_full_length_session","status":"passed","title":"filters queue to a single full-length session when mode=by_full_length_session","duration":1.3009999999994761,"failureMessages":[],"meta":{}}],"startTime":1776646282835,"endTime":1776646282870.301,"status":"passed","message":"","name":"C:/Users/14438/projects/Lyceonai/tests/review-errors.queue.contract.test.ts"},{"assertionResults":[{"ancestorTitles":["Canonical Review Outcome Consumption"],"fullName":"Canonical Review Outcome Consumption canonical KPI counted-event set includes review outcomes and excludes tutor-only events","status":"passed","title":"canonical KPI counted-event set includes review outcomes and excludes tutor-only events","duration":3.4391000000032363,"failureMessages":[],"meta":{}},{"ancestorTitles":["Canonical Review Outcome Consumption"],"fullName":"Canonical Review Outcome Consumption student calendar includes canonical review outcomes and excludes tutor-only events","status":"passed","title":"student calendar includes canonical review outcomes and excludes tutor-only events","duration":1.0221000000019558,"failureMessages":[],"meta":{}}],"startTime":1776646286884,"endTime":1776646286889.0222,"status":"passed","message":"","name":"C:/Users/14438/projects/Lyceonai/tests/review-outcomes.kpi-calendar.contract.test.ts"},{"assertionResults":[{"ancestorTitles":["Review session lifecycle contract"],"fullName":"Review session lifecycle contract starts one canonical review session and replays without duplicating items","status":"passed","title":"starts one canonical review session and replays without duplicating items","duration":25.78360000000248,"failureMessages":[],"meta":{}},{"ancestorTitles":["Review session lifecycle contract"],"fullName":"Review session lifecycle contract replays session start deterministically by idempotency key","status":"passed","title":"replays session start deterministically by idempotency key","duration":6.143900000002759,"failureMessages":[],"meta":{}},{"ancestorTitles":["Review session lifecycle contract"],"fullName":"Review session lifecycle contract materializes deterministic ordinals with exactly one served unresolved item","status":"passed","title":"materializes deterministic ordinals with exactly one served unresolved item","duration":6.205200000000332,"failureMessages":[],"meta":{}},{"ancestorTitles":["Review session lifecycle contract"],"fullName":"Review session lifecycle contract requires explicit review mode on session start","status":"passed","title":"requires explicit review mode on session start","duration":5.418099999998958,"failureMessages":[],"meta":{}},{"ancestorTitles":["Review session lifecycle contract"],"fullName":"Review session lifecycle contract fails closed when unresolved item lacks valid canonical_id even if question_id is canonical-shaped","status":"passed","title":"fails closed when unresolved item lacks valid canonical_id even if question_id is canonical-shaped","duration":2.208699999999226,"failureMessages":[],"meta":{}},{"ancestorTitles":["Review session lifecycle contract"],"fullName":"Review session lifecycle contract state refresh returns same served item and option tokens","status":"passed","title":"state refresh returns same served item and option tokens","duration":3.955500000000029,"failureMessages":[],"meta":{}},{"ancestorTitles":["Review session lifecycle contract"],"fullName":"Review session lifecycle contract duplicate submit is idempotent per served item and does not double-write mastery","status":"passed","title":"duplicate submit is idempotent per served item and does not double-write mastery","duration":5.585399999999936,"failureMessages":[],"meta":{}},{"ancestorTitles":["Review session lifecycle contract"],"fullName":"Review session lifecycle contract skips mastery emission when review item difficulty bucket is invalid","status":"passed","title":"skips mastery emission when review item difficulty bucket is invalid","duration":4.472199999996519,"failureMessages":[],"meta":{}},{"ancestorTitles":["Review session lifecycle contract"],"fullName":"Review session lifecycle contract does not derive mastery difficulty from raw difficulty when bucket is missing","status":"passed","title":"does not derive mastery difficulty from raw difficulty when bucket is missing","duration":3.153600000001461,"failureMessages":[],"meta":{}},{"ancestorTitles":["Review session lifecycle contract"],"fullName":"Review session lifecycle contract fails closed when resolved item points to another student attempt_id","status":"passed","title":"fails closed when resolved item points to another student attempt_id","duration":1.1625999999996566,"failureMessages":[],"meta":{}},{"ancestorTitles":["Review session lifecycle contract"],"fullName":"Review session lifecycle contract rejects answer submit without opaque selected_option_id","status":"passed","title":"rejects answer submit without opaque selected_option_id","duration":1.2969000000011874,"failureMessages":[],"meta":{}},{"ancestorTitles":["Review session lifecycle contract"],"fullName":"Review session lifecycle contract fails closed when legacy free-response field is sent to mounted review submit","status":"passed","title":"fails closed when legacy free-response field is sent to mounted review submit","duration":0.6275000000023283,"failureMessages":[],"meta":{}},{"ancestorTitles":["Review session lifecycle contract"],"fullName":"Review session lifecycle contract denies non-owner answer submit to another student review session","status":"passed","title":"denies non-owner answer submit to another student review session","duration":0.8230000000003201,"failureMessages":[],"meta":{}},{"ancestorTitles":["Review session lifecycle contract"],"fullName":"Review session lifecycle contract fails closed when resolved item sees client_attempt_id bound to a different question","status":"passed","title":"fails closed when resolved item sees client_attempt_id bound to a different question","duration":0.9639999999999418,"failureMessages":[],"meta":{}},{"ancestorTitles":["Review session lifecycle contract"],"fullName":"Review session lifecycle contract denies non-owner access to another student session state","status":"passed","title":"denies non-owner access to another student session state","duration":0.5092000000004191,"failureMessages":[],"meta":{}},{"ancestorTitles":["Review session lifecycle contract"],"fullName":"Review session lifecycle contract filters review session start by practice session when mode=by_practice_session","status":"passed","title":"filters review session start by practice session when mode=by_practice_session","duration":2.58719999999812,"failureMessages":[],"meta":{}},{"ancestorTitles":["Review session lifecycle contract"],"fullName":"Review session lifecycle contract filters review session start by full-length session when mode=by_full_length_session","status":"passed","title":"filters review session start by full-length session when mode=by_full_length_session","duration":3.50879999999961,"failureMessages":[],"meta":{}}],"startTime":1776646281163,"endTime":1776646281238.5088,"status":"passed","message":"","name":"C:/Users/14438/projects/Lyceonai/tests/review-session.lifecycle.contract.test.ts"},{"assertionResults":[{"ancestorTitles":["SEO canonicalization ownership"],"fullName":"SEO canonicalization ownership removes client JSON-LD and relies on SSR injection","status":"passed","title":"removes client JSON-LD and relies on SSR injection","duration":3.5432999999975436,"failureMessages":[],"meta":{}},{"ancestorTitles":["SEO canonicalization ownership"],"fullName":"SEO canonicalization ownership routes SSR metadata through shared sources and server injection","status":"passed","title":"routes SSR metadata through shared sources and server injection","duration":2.152700000006007,"failureMessages":[],"meta":{}}],"startTime":1776646285730,"endTime":1776646285736.1526,"status":"passed","message":"","name":"C:/Users/14438/projects/Lyceonai/tests/seo.meta-canonicalization.test.ts"},{"assertionResults":[{"ancestorTitles":["SEO SSR coverage"],"fullName":"SEO SSR coverage covers all sitemap URLs with SSR metadata ownership","status":"passed","title":"covers all sitemap URLs with SSR metadata ownership","duration":4.46020000000135,"failureMessages":[],"meta":{}}],"startTime":1776646285885,"endTime":1776646285889.4602,"status":"passed","message":"","name":"C:/Users/14438/projects/Lyceonai/tests/seo.ssr-coverage.test.ts"},{"assertionResults":[{"ancestorTitles":["Tutor orchestrator client auth boundary"],"fullName":"Tutor orchestrator client auth boundary uses local unauth invocation by default","status":"passed","title":"uses local unauth invocation by default","duration":108.08770000000004,"failureMessages":[],"meta":{}},{"ancestorTitles":["Tutor orchestrator client auth boundary"],"fullName":"Tutor orchestrator client auth boundary uses gcp id-token auth when configured","status":"passed","title":"uses gcp id-token auth when configured","duration":8.243999999998778,"failureMessages":[],"meta":{}},{"ancestorTitles":["Tutor orchestrator client auth boundary"],"fullName":"Tutor orchestrator client auth boundary fails explicitly when id-token auth header cannot be acquired","status":"passed","title":"fails explicitly when id-token auth header cannot be acquired","duration":7.562399999998888,"failureMessages":[],"meta":{}},{"ancestorTitles":["Tutor orchestrator client auth boundary"],"fullName":"Tutor orchestrator client auth boundary fails explicitly for unsupported auth mode config","status":"passed","title":"fails explicitly for unsupported auth mode config","duration":4.109400000001187,"failureMessages":[],"meta":{}},{"ancestorTitles":["Tutor orchestrator client auth boundary"],"fullName":"Tutor orchestrator client auth boundary fails explicitly when orchestrator URL config is missing","status":"passed","title":"fails explicitly when orchestrator URL config is missing","duration":3.0656999999991967,"failureMessages":[],"meta":{}}],"startTime":1776646274110,"endTime":1776646274241.0657,"status":"passed","message":"","name":"C:/Users/14438/projects/Lyceonai/tests/tutor.orchestrator-client.test.ts"},{"assertionResults":[{"ancestorTitles":["Tutor orchestrator worker boundary auth"],"fullName":"Tutor orchestrator worker boundary auth allows local dev default mode when auth mode is unset","status":"passed","title":"allows local dev default mode when auth mode is unset","duration":115.03690000000279,"failureMessages":[],"meta":{}},{"ancestorTitles":["Tutor orchestrator worker boundary auth"],"fullName":"Tutor orchestrator worker boundary auth fails closed in production when auth mode is unset","status":"passed","title":"fails closed in production when auth mode is unset","duration":16.086300000002666,"failureMessages":[],"meta":{}},{"ancestorTitles":["Tutor orchestrator worker boundary auth"],"fullName":"Tutor orchestrator worker boundary auth rejects missing bearer token in require_bearer mode","status":"passed","title":"rejects missing bearer token in require_bearer mode","duration":12.787199999998847,"failureMessages":[],"meta":{}},{"ancestorTitles":["Tutor orchestrator worker boundary auth"],"fullName":"Tutor orchestrator worker boundary auth accepts bearer token in require_bearer mode and preserves route behavior","status":"passed","title":"accepts bearer token in require_bearer mode and preserves route behavior","duration":17.532500000001164,"failureMessages":[],"meta":{}},{"ancestorTitles":["Tutor orchestrator worker boundary auth"],"fullName":"Tutor orchestrator worker boundary auth rejects invalid token in shared_secret mode","status":"passed","title":"rejects invalid token in shared_secret mode","duration":19.091599999999744,"failureMessages":[],"meta":{}},{"ancestorTitles":["Tutor orchestrator worker boundary auth"],"fullName":"Tutor orchestrator worker boundary auth accepts valid token in shared_secret mode and keeps response contract","status":"passed","title":"accepts valid token in shared_secret mode and keeps response contract","duration":14.397099999998318,"failureMessages":[],"meta":{}},{"ancestorTitles":["Tutor orchestrator worker boundary auth"],"fullName":"Tutor orchestrator worker boundary auth applies boundary auth to compact route and allows authorized requests","status":"passed","title":"applies boundary auth to compact route and allows authorized requests","duration":19.88890000000174,"failureMessages":[],"meta":{}}],"startTime":1776646273602,"endTime":1776646273816.889,"status":"passed","message":"","name":"C:/Users/14438/projects/Lyceonai/tests/tutor.orchestrator.boundary-auth.test.ts"},{"assertionResults":[{"ancestorTitles":["Tutor orchestrate route"],"fullName":"Tutor orchestrate route maps timeout errors to safe timeout failure","status":"passed","title":"maps timeout errors to safe timeout failure","duration":92.14769999999771,"failureMessages":[],"meta":{}},{"ancestorTitles":["Tutor orchestrate route"],"fullName":"Tutor orchestrate route maps invalid model output failures to safe upstream failure","status":"passed","title":"maps invalid model output failures to safe upstream failure","duration":14.652500000000146,"failureMessages":[],"meta":{}}],"startTime":1776646279731,"endTime":1776646279837.6526,"status":"passed","message":"","name":"C:/Users/14438/projects/Lyceonai/tests/tutor.orchestrator.route.test.ts"},{"assertionResults":[{"ancestorTitles":["Tutor orchestrator vertex output hardening"],"fullName":"Tutor orchestrator vertex output hardening parses valid JSON and uses deterministic structured generation config","status":"passed","title":"parses valid JSON and uses deterministic structured generation config","duration":155.61929999999847,"failureMessages":[],"meta":{}},{"ancestorTitles":["Tutor orchestrator vertex output hardening"],"fullName":"Tutor orchestrator vertex output hardening fails safely on truncated JSON output","status":"passed","title":"fails safely on truncated JSON output","duration":10.638599999998405,"failureMessages":[],"meta":{}},{"ancestorTitles":["Tutor orchestrator vertex output hardening"],"fullName":"Tutor orchestrator vertex output hardening fails safely on non-JSON output","status":"passed","title":"fails safely on non-JSON output","duration":1.935699999998178,"failureMessages":[],"meta":{}},{"ancestorTitles":["Tutor orchestrator vertex output hardening"],"fullName":"Tutor orchestrator vertex output hardening fails safely on malformed JSON output","status":"passed","title":"fails safely on malformed JSON output","duration":1.6022000000011758,"failureMessages":[],"meta":{}},{"ancestorTitles":["Tutor orchestrator vertex output hardening"],"fullName":"Tutor orchestrator vertex output hardening fails safely on schema mismatch output","status":"passed","title":"fails safely on schema mismatch output","duration":9.141599999999016,"failureMessages":[],"meta":{}}],"startTime":1776646268526,"endTime":1776646268706.1416,"status":"passed","message":"","name":"C:/Users/14438/projects/Lyceonai/tests/tutor.orchestrator.vertex-output.test.ts"},{"assertionResults":[{"ancestorTitles":["Tutor orchestrator vertex timeout"],"fullName":"Tutor orchestrator vertex timeout enforces runtime_limits.timeout_ms","status":"passed","title":"enforces runtime_limits.timeout_ms","duration":90.13810000000012,"failureMessages":[],"meta":{}}],"startTime":1776646280953,"endTime":1776646281043.1382,"status":"passed","message":"","name":"C:/Users/14438/projects/Lyceonai/tests/tutor.orchestrator.vertex-timeout.test.ts"},{"assertionResults":[{"ancestorTitles":["Tutor Runtime Contract Cutover"],"fullName":"Tutor Runtime Contract Cutover creates a conversation and appends a turn through canonical endpoints","status":"passed","title":"creates a conversation and appends a turn through canonical endpoints","duration":2742.4494000000004,"failureMessages":[],"meta":{}},{"ancestorTitles":["Tutor Runtime Contract Cutover"],"fullName":"Tutor Runtime Contract Cutover denies guardians from tutor boundaries","status":"passed","title":"denies guardians from tutor boundaries","duration":76.51199999999972,"failureMessages":[],"meta":{}},{"ancestorTitles":["Tutor Runtime Contract Cutover"],"fullName":"Tutor Runtime Contract Cutover blocks append turn when entitlement is lost mid-conversation","status":"passed","title":"blocks append turn when entitlement is lost mid-conversation","duration":121.69490000000042,"failureMessages":[],"meta":{}},{"ancestorTitles":["Tutor Runtime Contract Cutover"],"fullName":"Tutor Runtime Contract Cutover enforces stored scope precedence over conflicting client scope","status":"passed","title":"enforces stored scope precedence over conflicting client scope","duration":115.86599999999999,"failureMessages":[],"meta":{}},{"ancestorTitles":["Tutor Runtime Contract Cutover"],"fullName":"Tutor Runtime Contract Cutover reuses recent valid conversation scope when stored scoped question becomes stale","status":"passed","title":"reuses recent valid conversation scope when stored scoped question becomes stale","duration":124.28809999999976,"failureMessages":[],"meta":{}},{"ancestorTitles":["Tutor Runtime Contract Cutover"],"fullName":"Tutor Runtime Contract Cutover degrades stale scoped question to scoped_session when session remains valid","status":"passed","title":"degrades stale scoped question to scoped_session when session remains valid","duration":80.60719999999947,"failureMessages":[],"meta":{}},{"ancestorTitles":["Tutor Runtime Contract Cutover"],"fullName":"Tutor Runtime Contract Cutover degrades stale scoped references to general when no valid scoped session exists (no fail-open)","status":"passed","title":"degrades stale scoped references to general when no valid scoped session exists (no fail-open)","duration":91.65610000000015,"failureMessages":[],"meta":{}},{"ancestorTitles":["Tutor Runtime Contract Cutover"],"fullName":"Tutor Runtime Contract Cutover is idempotent on duplicate client_turn_id and does not duplicate student rows","status":"passed","title":"is idempotent on duplicate client_turn_id and does not duplicate student rows","duration":86.6866,"failureMessages":[],"meta":{}},{"ancestorTitles":["Tutor Runtime Contract Cutover"],"fullName":"Tutor Runtime Contract Cutover replay uses stored suggested_action and ui_hints from persisted tutor content_json","status":"passed","title":"replay uses stored suggested_action and ui_hints from persisted tutor content_json","duration":88.44250000000011,"failureMessages":[],"meta":{}},{"ancestorTitles":["Tutor Runtime Contract Cutover"],"fullName":"Tutor Runtime Contract Cutover returns recoverable retry when question link persistence fails, then replay-heals without re-orchestrating","status":"passed","title":"returns recoverable retry when question link persistence fails, then replay-heals without re-orchestrating","duration":86.65329999999994,"failureMessages":[],"meta":{}},{"ancestorTitles":["Tutor Runtime Contract Cutover"],"fullName":"Tutor Runtime Contract Cutover returns recoverable retry when instruction exposure persistence fails, then replay-heals without re-orchestrating","status":"passed","title":"returns recoverable retry when instruction exposure persistence fails, then replay-heals without re-orchestrating","duration":107.75610000000052,"failureMessages":[],"meta":{}},{"ancestorTitles":["Tutor Runtime Contract Cutover"],"fullName":"Tutor Runtime Contract Cutover returns recoverable retry when replayed tutor content_json is missing stored ui helpers","status":"passed","title":"returns recoverable retry when replayed tutor content_json is missing stored ui helpers","duration":118.89309999999932,"failureMessages":[],"meta":{}},{"ancestorTitles":["Tutor Runtime Contract Cutover"],"fullName":"Tutor Runtime Contract Cutover passes compatible memory summaries through to orchestrator unchanged","status":"passed","title":"passes compatible memory summaries through to orchestrator unchanged","duration":111.74420000000009,"failureMessages":[],"meta":{}},{"ancestorTitles":["Tutor Runtime Contract Cutover"],"fullName":"Tutor Runtime Contract Cutover filters incompatible memory summaries and only reduces memory context for the turn","status":"passed","title":"filters incompatible memory summaries and only reduces memory context for the turn","duration":83.15189999999984,"failureMessages":[],"meta":{}},{"ancestorTitles":["Tutor Runtime Contract Cutover"],"fullName":"Tutor Runtime Contract Cutover continues safely with empty memory summaries when all stored rows are incompatible","status":"passed","title":"continues safely with empty memory summaries when all stored rows are incompatible","duration":87.29420000000027,"failureMessages":[],"meta":{}},{"ancestorTitles":["Tutor Runtime Contract Cutover"],"fullName":"Tutor Runtime Contract Cutover returns explicit recoverable failure shape when blocking assignment write fails","status":"passed","title":"returns explicit recoverable failure shape when blocking assignment write fails","duration":99.41380000000026,"failureMessages":[],"meta":{}},{"ancestorTitles":["Tutor Runtime Contract Cutover"],"fullName":"Tutor Runtime Contract Cutover returns recoverable retry when orchestrator call throws","status":"passed","title":"returns recoverable retry when orchestrator call throws","duration":66.54830000000038,"failureMessages":[],"meta":{}},{"ancestorTitles":["Tutor Runtime Contract Cutover"],"fullName":"Tutor Runtime Contract Cutover returns recoverable retry when orchestrator response shape is invalid","status":"passed","title":"returns recoverable retry when orchestrator response shape is invalid","duration":74.72060000000056,"failureMessages":[],"meta":{}},{"ancestorTitles":["Tutor Runtime Contract Cutover"],"fullName":"Tutor Runtime Contract Cutover blocks anti-leak answer reveal in pre-submit practice for 'The correct answer is A.'","status":"passed","title":"blocks anti-leak answer reveal in pre-submit practice for 'The correct answer is A.'","duration":69.49089999999978,"failureMessages":[],"meta":{}},{"ancestorTitles":["Tutor Runtime Contract Cutover"],"fullName":"Tutor Runtime Contract Cutover blocks anti-leak answer reveal in pre-submit practice for 'Choose option C.'","status":"passed","title":"blocks anti-leak answer reveal in pre-submit practice for 'Choose option C.'","duration":77.5029999999997,"failureMessages":[],"meta":{}},{"ancestorTitles":["Tutor Runtime Contract Cutover"],"fullName":"Tutor Runtime Contract Cutover blocks anti-leak answer reveal in pre-submit practice for 'Option B is correct.'","status":"passed","title":"blocks anti-leak answer reveal in pre-submit practice for 'Option B is correct.'","duration":57.716300000000956,"failureMessages":[],"meta":{}},{"ancestorTitles":["Tutor Runtime Contract Cutover"],"fullName":"Tutor Runtime Contract Cutover blocks anti-leak answer reveal in pre-submit practice for 'Eliminate all but option D.'","status":"passed","title":"blocks anti-leak answer reveal in pre-submit practice for 'Eliminate all but option D.'","duration":79.82499999999891,"failureMessages":[],"meta":{}},{"ancestorTitles":["Tutor Runtime Contract Cutover"],"fullName":"Tutor Runtime Contract Cutover allows direct-answer explanation content after submit in practice","status":"passed","title":"allows direct-answer explanation content after submit in practice","duration":74.44980000000032,"failureMessages":[],"meta":{}},{"ancestorTitles":["Tutor Runtime Contract Cutover"],"fullName":"Tutor Runtime Contract Cutover keeps non-answer instructional hints allowed in pre-submit practice","status":"passed","title":"keeps non-answer instructional hints allowed in pre-submit practice","duration":75.84690000000046,"failureMessages":[],"meta":{}},{"ancestorTitles":["Tutor Runtime Contract Cutover"],"fullName":"Tutor Runtime Contract Cutover blocks tutor while a full-length exam is live","status":"passed","title":"blocks tutor while a full-length exam is live","duration":106.76690000000053,"failureMessages":[],"meta":{}},{"ancestorTitles":["Tutor Runtime Contract Cutover"],"fullName":"Tutor Runtime Contract Cutover reuses most recently updated eligible active conversation","status":"passed","title":"reuses most recently updated eligible active conversation","duration":112.04449999999997,"failureMessages":[],"meta":{}},{"ancestorTitles":["Tutor Runtime Contract Cutover"],"fullName":"Tutor Runtime Contract Cutover persists similar-question links with row+canonical ids and difficulty delta","status":"passed","title":"persists similar-question links with row+canonical ids and difficulty delta","duration":57.56970000000001,"failureMessages":[],"meta":{}}],"startTime":1776646252444,"endTime":1776646257522.5696,"status":"passed","message":"","name":"C:/Users/14438/projects/Lyceonai/tests/tutor.runtime.contract.test.ts"},{"assertionResults":[{"ancestorTitles":["Tutor Route Regression"],"fullName":"Tutor Route Regression hard-cutover removes /api/tutor/v2 mount","status":"passed","title":"hard-cutover removes /api/tutor/v2 mount","duration":114.5535000000018,"failureMessages":[],"meta":{}},{"ancestorTitles":["Tutor Route Regression"],"fullName":"Tutor Route Regression canonical append endpoint exists and remains auth-first","status":"passed","title":"canonical append endpoint exists and remains auth-first","duration":23.058999999997468,"failureMessages":[],"meta":{}}],"startTime":1776646277636,"endTime":1776646277774.059,"status":"passed","message":"","name":"C:/Users/14438/projects/Lyceonai/tests/tutor.v2.regression.test.ts"},{"assertionResults":[{"ancestorTitles":["Tutor Runtime Security"],"fullName":"Tutor Runtime Security rejects unauthenticated append-turn requests","status":"passed","title":"rejects unauthenticated append-turn requests","duration":138.01310000000012,"failureMessages":[],"meta":{}},{"ancestorTitles":["Tutor Runtime Security"],"fullName":"Tutor Runtime Security rejects bearer-only auth for tutor endpoints","status":"passed","title":"rejects bearer-only auth for tutor endpoints","duration":18.158299999999144,"failureMessages":[],"meta":{}}],"startTime":1776646278179,"endTime":1776646278335.1582,"status":"passed","message":"","name":"C:/Users/14438/projects/Lyceonai/tests/tutor_v2.security.test.ts"},{"assertionResults":[{"ancestorTitles":["Billing checkout (guardian)"],"fullName":"Billing checkout (guardian) guardian checkout targets linked student account in metadata","status":"passed","title":"guardian checkout targets linked student account in metadata","duration":114.66690000000017,"failureMessages":[],"meta":{}}],"startTime":1776646279251,"endTime":1776646279365.667,"status":"passed","message":"","name":"C:/Users/14438/projects/Lyceonai/server/__tests__/billing-checkout.test.ts"},{"assertionResults":[{"ancestorTitles":["Billing Truth"],"fullName":"Billing Truth webhook replay does not double-apply entitlement changes","status":"passed","title":"webhook replay does not double-apply entitlement changes","duration":10.270500000005995,"failureMessages":[],"meta":{}},{"ancestorTitles":["Billing Truth"],"fullName":"Billing Truth guardian-paid checkout applies entitlement to selected student, not guardian","status":"passed","title":"guardian-paid checkout applies entitlement to selected student, not guardian","duration":13.248700000003737,"failureMessages":[],"meta":{}},{"ancestorTitles":["Billing Truth"],"fullName":"Billing Truth runtime access gate reads canonical student entitlement, not legacy profile billing fields","status":"passed","title":"runtime access gate reads canonical student entitlement, not legacy profile billing fields","duration":0.5826000000015483,"failureMessages":[],"meta":{}}],"startTime":1776646283471,"endTime":1776646283495.5825,"status":"passed","message":"","name":"C:/Users/14438/projects/Lyceonai/server/__tests__/billing-truth.test.ts"},{"assertionResults":[{"ancestorTitles":["Deletion Lifecycle"],"fullName":"Deletion Lifecycle deletion request enters pending state","status":"passed","title":"deletion request enters pending state","duration":6.026299999997718,"failureMessages":[],"meta":{}},{"ancestorTitles":["Deletion Lifecycle"],"fullName":"Deletion Lifecycle cancellation inside 24h succeeds","status":"passed","title":"cancellation inside 24h succeeds","duration":0.7957000000023982,"failureMessages":[],"meta":{}},{"ancestorTitles":["Deletion Lifecycle"],"fullName":"Deletion Lifecycle post-grace execution de-identifies or removes the right fields","status":"passed","title":"post-grace execution de-identifies or removes the right fields","duration":2.5016000000032363,"failureMessages":[],"meta":{}},{"ancestorTitles":["Deletion Lifecycle"],"fullName":"Deletion Lifecycle internal IDs/ledger continuity remain intact where intentionally preserved","status":"passed","title":"internal IDs/ledger continuity remain intact where intentionally preserved","duration":0.9012000000002445,"failureMessages":[],"meta":{}},{"ancestorTitles":["Deletion Lifecycle"],"fullName":"Deletion Lifecycle deleted/de-identified user no longer has active runtime visibility/access where prohibited","status":"passed","title":"deleted/de-identified user no longer has active runtime visibility/access where prohibited","duration":7.952199999999721,"failureMessages":[],"meta":{}}],"startTime":1776646284553,"endTime":1776646284571.9521,"status":"passed","message":"","name":"C:/Users/14438/projects/Lyceonai/server/__tests__/deletion-lifecycle.test.ts"},{"assertionResults":[{"ancestorTitles":["Guardian Access Denial"],"fullName":"Guardian Access Denial unlinked guardian cannot access student data","status":"passed","title":"unlinked guardian cannot access student data","duration":13.047399999995832,"failureMessages":[],"meta":{}},{"ancestorTitles":["Guardian Access Denial"],"fullName":"Guardian Access Denial revoked link immediately loses access","status":"passed","title":"revoked link immediately loses access","duration":1.3747000000003027,"failureMessages":[],"meta":{}},{"ancestorTitles":["Guardian Access Denial"],"fullName":"Guardian Access Denial linked but unpaid student remains locked","status":"passed","title":"linked but unpaid student remains locked","duration":5.382599999997183,"failureMessages":[],"meta":{}},{"ancestorTitles":["Guardian Access Denial"],"fullName":"Guardian Access Denial student entitlement expiry removes guardian visibility","status":"passed","title":"student entitlement expiry removes guardian visibility","duration":2.846400000002177,"failureMessages":[],"meta":{}},{"ancestorTitles":["Guardian Access Denial"],"fullName":"Guardian Access Denial guardian unlink does not break student entitlement or student data","status":"passed","title":"guardian unlink does not break student entitlement or student data","duration":1.2973999999958323,"failureMessages":[],"meta":{}}],"startTime":1776646282801,"endTime":1776646282825.2974,"status":"passed","message":"","name":"C:/Users/14438/projects/Lyceonai/server/__tests__/guardian-access.test.ts"},{"assertionResults":[{"ancestorTitles":["Guardian payment access"],"fullName":"Guardian payment access guardian payment does not grant guardian-owned access when student is not entitled","status":"passed","title":"guardian payment does not grant guardian-owned access when student is not entitled","duration":3.5982999999978347,"failureMessages":[],"meta":{}}],"startTime":1776646286059,"endTime":1776646286062.5984,"status":"passed","message":"","name":"C:/Users/14438/projects/Lyceonai/server/__tests__/guardian-payment-access.test.ts"},{"assertionResults":[{"ancestorTitles":["Guardian routes integration - access enforcement"],"fullName":"Guardian routes integration - access enforcement unlinked guardian denied (403)","status":"passed","title":"unlinked guardian denied (403)","duration":54.32010000000082,"failureMessages":[],"meta":{}},{"ancestorTitles":["Guardian routes integration - access enforcement"],"fullName":"Guardian routes integration - access enforcement revoked link denied immediately (403)","status":"passed","title":"revoked link denied immediately (403)","duration":13.242199999996956,"failureMessages":[],"meta":{}},{"ancestorTitles":["Guardian routes integration - access enforcement"],"fullName":"Guardian routes integration - access enforcement linked but unpaid student locked (402)","status":"passed","title":"linked but unpaid student locked (402)","duration":10.792399999998452,"failureMessages":[],"meta":{}},{"ancestorTitles":["Guardian routes integration - access enforcement"],"fullName":"Guardian routes integration - access enforcement entitlement expiry removes guardian visibility (402)","status":"passed","title":"entitlement expiry removes guardian visibility (402)","duration":10.68869999999879,"failureMessages":[],"meta":{}}],"startTime":1776646270060,"endTime":1776646270149.6887,"status":"passed","message":"","name":"C:/Users/14438/projects/Lyceonai/server/__tests__/guardian-routes.integration.test.ts"},{"assertionResults":[{"ancestorTitles":["CI Auth Rate Limiting"],"fullName":"CI Auth Rate Limiting rate-limits repeated POST /api/auth/signin attempts","status":"passed","title":"rate-limits repeated POST /api/auth/signin attempts","duration":251.52260000000024,"failureMessages":[],"meta":{}}],"startTime":1776646255058,"endTime":1776646255309.5227,"status":"passed","message":"","name":"C:/Users/14438/projects/Lyceonai/tests/ci/auth-rate-limit.ci.test.ts"},{"assertionResults":[{"ancestorTitles":["Auth Signup Contract"],"fullName":"Auth Signup Contract rejects signup payloads that omit canonical legal consent","status":"passed","title":"rejects signup payloads that omit canonical legal consent","duration":243.01729999999952,"failureMessages":[],"meta":{}},{"ancestorTitles":["Auth Signup Contract"],"fullName":"Auth Signup Contract returns verification_required when Supabase signup has no session","status":"passed","title":"returns verification_required when Supabase signup has no session","duration":28.52430000000095,"failureMessages":[],"meta":{}},{"ancestorTitles":["Auth Signup Contract"],"fullName":"Auth Signup Contract returns authenticated outcome and canonical cookies when session is present","status":"passed","title":"returns authenticated outcome and canonical cookies when session is present","duration":25.175100000000384,"failureMessages":[],"meta":{}}],"startTime":1776646268500,"endTime":1776646268797.175,"status":"passed","message":"","name":"C:/Users/14438/projects/Lyceonai/tests/ci/auth-signup.contract.test.ts"},{"assertionResults":[{"ancestorTitles":["Auth Surface Contract"],"fullName":"Auth Surface Contract rejects bearer headers even when auth cookies are present","status":"passed","title":"rejects bearer headers even when auth cookies are present","duration":14.789300000004005,"failureMessages":[],"meta":{}},{"ancestorTitles":["Auth Surface Contract"],"fullName":"Auth Surface Contract returns the canonical 401 contract when auth is missing","status":"passed","title":"returns the canonical 401 contract when auth is missing","duration":4.292000000001281,"failureMessages":[],"meta":{}},{"ancestorTitles":["Auth Surface Contract"],"fullName":"Auth Surface Contract fails closed when downstream code sees a malformed user object","status":"passed","title":"fails closed when downstream code sees a malformed user object","duration":1.2370999999984633,"failureMessages":[],"meta":{}},{"ancestorTitles":["Auth Surface Contract"],"fullName":"Auth Surface Contract fails closed when a route requires auth context but supabase client is missing","status":"passed","title":"fails closed when a route requires auth context but supabase client is missing","duration":1.3590999999942142,"failureMessages":[],"meta":{}},{"ancestorTitles":["Auth Surface Contract"],"fullName":"Auth Surface Contract blocks guardians from student-only routes with the canonical 403 contract","status":"passed","title":"blocks guardians from student-only routes with the canonical 403 contract","duration":3.4518000000025495,"failureMessages":[],"meta":{}}],"startTime":1776646284302,"endTime":1776646284327.452,"status":"passed","message":"","name":"C:/Users/14438/projects/Lyceonai/tests/ci/auth-surface.contract.test.ts"},{"assertionResults":[{"ancestorTitles":["CI Auth Tests","Cookie-Only Authentication"],"fullName":"CI Auth Tests Cookie-Only Authentication should reject Authorization: Bearer header without cookie","status":"passed","title":"should reject Authorization: Bearer header without cookie","duration":67.03020000000015,"failureMessages":[],"meta":{}},{"ancestorTitles":["CI Auth Tests","Cookie-Only Authentication"],"fullName":"CI Auth Tests Cookie-Only Authentication should reject Authorization: Bearer header even with valid-looking token","status":"passed","title":"should reject Authorization: Bearer header even with valid-looking token","duration":16.45049999999992,"failureMessages":[],"meta":{}},{"ancestorTitles":["CI Auth Tests","Cookie-Only Authentication"],"fullName":"CI Auth Tests Cookie-Only Authentication should return 401 for protected routes without any auth","status":"passed","title":"should return 401 for protected routes without any auth","duration":10.018399999999929,"failureMessages":[],"meta":{}},{"ancestorTitles":["CI Auth Tests","Cookie-Only Authentication"],"fullName":"CI Auth Tests Cookie-Only Authentication should return 401 for missing sb-access-token cookie","status":"passed","title":"should return 401 for missing sb-access-token cookie","duration":29.24420000000009,"failureMessages":[],"meta":{}},{"ancestorTitles":["CI Auth Tests","Public Endpoints - No Auth Required"],"fullName":"CI Auth Tests Public Endpoints - No Auth Required should allow access to /api/health without auth","status":"passed","title":"should allow access to /api/health without auth","duration":23.192000000000007,"failureMessages":[],"meta":{}},{"ancestorTitles":["CI Auth Tests","Public Endpoints - No Auth Required"],"fullName":"CI Auth Tests Public Endpoints - No Auth Required should allow access to /api/questions/recent without auth","status":"passed","title":"should allow access to /api/questions/recent without auth","duration":135.91310000000067,"failureMessages":[],"meta":{}},{"ancestorTitles":["CI Auth Tests","Public Endpoints - No Auth Required"],"fullName":"CI Auth Tests Public Endpoints - No Auth Required should return 401 for /api/profile without auth","status":"passed","title":"should return 401 for /api/profile without auth","duration":7.3846999999996115,"failureMessages":[],"meta":{}},{"ancestorTitles":["CI Auth Tests","Public Endpoints - No Auth Required"],"fullName":"CI Auth Tests Public Endpoints - No Auth Required should return 404 for removed /api/auth/user hydration endpoint","status":"passed","title":"should return 404 for removed /api/auth/user hydration endpoint","duration":14.629700000000412,"failureMessages":[],"meta":{}},{"ancestorTitles":["CI Auth Tests","Admin Provisioning Guard"],"fullName":"CI Auth Tests Admin Provisioning Guard hard-denies admin provisioning in production even with correct passcode","status":"passed","title":"hard-denies admin provisioning in production even with correct passcode","duration":53.318600000000515,"failureMessages":[],"meta":{}},{"ancestorTitles":["CI Auth Tests","Admin Provisioning Guard"],"fullName":"CI Auth Tests Admin Provisioning Guard denies admin provisioning in non-production when ADMIN_PROVISION_ENABLE is not true","status":"passed","title":"denies admin provisioning in non-production when ADMIN_PROVISION_ENABLE is not true","duration":11.860200000000077,"failureMessages":[],"meta":{}},{"ancestorTitles":["CI Auth Tests","Admin Provisioning Guard"],"fullName":"CI Auth Tests Admin Provisioning Guard fails closed when ADMN_PASSCODE is missing","status":"passed","title":"fails closed when ADMN_PASSCODE is missing","duration":8.55540000000019,"failureMessages":[],"meta":{}},{"ancestorTitles":["CI Auth Tests","Admin Provisioning Guard"],"fullName":"CI Auth Tests Admin Provisioning Guard fails closed when ADMN_PASSCODE does not match","status":"passed","title":"fails closed when ADMN_PASSCODE does not match","duration":24.847399999999652,"failureMessages":[],"meta":{}},{"ancestorTitles":["CI Auth Tests","Admin Provisioning Guard"],"fullName":"CI Auth Tests Admin Provisioning Guard blocks admin role during normal signup","status":"passed","title":"blocks admin role during normal signup","duration":16.702299999999923,"failureMessages":[],"meta":{}},{"ancestorTitles":["CI Auth Tests","Protected Endpoints - Auth Required"],"fullName":"CI Auth Tests Protected Endpoints - Auth Required should require auth for profile (GET /api/profile)","status":"passed","title":"should require auth for profile (GET /api/profile)","duration":7.309900000000198,"failureMessages":[],"meta":{}},{"ancestorTitles":["CI Auth Tests","Protected Endpoints - Auth Required"],"fullName":"CI Auth Tests Protected Endpoints - Auth Required should require auth for practice sessions (POST /api/practice/sessions)","status":"passed","title":"should require auth for practice sessions (POST /api/practice/sessions)","duration":9.449900000000525,"failureMessages":[],"meta":{}},{"ancestorTitles":["CI Auth Tests","Protected Endpoints - Auth Required"],"fullName":"CI Auth Tests Protected Endpoints - Auth Required should require auth for RAG v2 endpoint (POST /api/rag/v2)","status":"passed","title":"should require auth for RAG v2 endpoint (POST /api/rag/v2)","duration":6.995199999999386,"failureMessages":[],"meta":{}},{"ancestorTitles":["CI Auth Tests","Protected Endpoints - Auth Required"],"fullName":"CI Auth Tests Protected Endpoints - Auth Required should require auth for Tutor runtime append (POST /api/tutor/messages)","status":"passed","title":"should require auth for Tutor runtime append (POST /api/tutor/messages)","duration":6.77140000000054,"failureMessages":[],"meta":{}},{"ancestorTitles":["CI Auth Tests","Protected Endpoints - Auth Required"],"fullName":"CI Auth Tests Protected Endpoints - Auth Required should return 401 for POST /api/rag/v2 without auth (auth-first semantics)","status":"passed","title":"should return 401 for POST /api/rag/v2 without auth (auth-first semantics)","duration":17.709100000000035,"failureMessages":[],"meta":{}},{"ancestorTitles":["CI Auth Tests","Admin Endpoints - Admin Auth Required"],"fullName":"CI Auth Tests Admin Endpoints - Admin Auth Required should return 401 for admin routes without auth","status":"passed","title":"should return 401 for admin routes without auth","duration":8.933800000000701,"failureMessages":[],"meta":{}},{"ancestorTitles":["CI Auth Tests","Token Security"],"fullName":"CI Auth Tests Token Security should not expose tokens in /api/profile error response","status":"passed","title":"should not expose tokens in /api/profile error response","duration":19.08770000000004,"failureMessages":[],"meta":{}},{"ancestorTitles":["CI Auth Tests","Token Security"],"fullName":"CI Auth Tests Token Security should reject short/invalid tokens","status":"passed","title":"should reject short/invalid tokens","duration":7.038700000000063,"failureMessages":[],"meta":{}},{"ancestorTitles":["CI Auth Tests","Cookie Security"],"fullName":"CI Auth Tests Cookie Security should not set auth cookies on public endpoints","status":"passed","title":"should not set auth cookies on public endpoints","duration":26.05580000000009,"failureMessages":[],"meta":{}},{"ancestorTitles":["CI Auth Tests","Refresh Token Trust"],"fullName":"CI Auth Tests Refresh Token Trust fails closed for body-only refresh token when refresh cookie is missing","status":"passed","title":"fails closed for body-only refresh token when refresh cookie is missing","duration":29.092399999999543,"failureMessages":[],"meta":{}},{"ancestorTitles":["CI Auth Tests","Refresh Token Trust"],"fullName":"CI Auth Tests Refresh Token Trust fails closed when refresh token is missing entirely","status":"passed","title":"fails closed when refresh token is missing entirely","duration":9.537599999999657,"failureMessages":[],"meta":{}},{"ancestorTitles":["CI Auth Tests","Session Exchange Endpoint - Deprecated (Must Return 404)"],"fullName":"CI Auth Tests Session Exchange Endpoint - Deprecated (Must Return 404) should return 404 for deprecated exchange-session endpoint (no body)","status":"passed","title":"should return 404 for deprecated exchange-session endpoint (no body)","duration":15.64390000000003,"failureMessages":[],"meta":{}},{"ancestorTitles":["CI Auth Tests","Session Exchange Endpoint - Deprecated (Must Return 404)"],"fullName":"CI Auth Tests Session Exchange Endpoint - Deprecated (Must Return 404) should return 404 for deprecated exchange-session endpoint (with tokens)","status":"passed","title":"should return 404 for deprecated exchange-session endpoint (with tokens)","duration":7.340900000000147,"failureMessages":[],"meta":{}},{"ancestorTitles":["CI Auth Tests","Error Handling"],"fullName":"CI Auth Tests Error Handling should return 404 for non-existent API routes","status":"passed","title":"should return 404 for non-existent API routes","duration":12.178200000000288,"failureMessages":[],"meta":{}},{"ancestorTitles":["CI Auth Tests","Error Handling"],"fullName":"CI Auth Tests Error Handling should handle malformed JSON gracefully","status":"passed","title":"should handle malformed JSON gracefully","duration":15.511800000000221,"failureMessages":[],"meta":{}}],"startTime":1776646255045,"endTime":1776646255666.5117,"status":"passed","message":"","name":"C:/Users/14438/projects/Lyceonai/tests/ci/auth.ci.test.ts"},{"assertionResults":[{"ancestorTitles":["Build Server Regression Tests","isBareImport() - Path Classification"],"fullName":"Build Server Regression Tests isBareImport() - Path Classification should identify bare imports (packages from node_modules)","status":"passed","title":"should identify bare imports (packages from node_modules)","duration":7.782500000001164,"failureMessages":[],"meta":{}},{"ancestorTitles":["Build Server Regression Tests","isBareImport() - Path Classification"],"fullName":"Build Server Regression Tests isBareImport() - Path Classification should NOT treat relative paths as bare imports","status":"passed","title":"should NOT treat relative paths as bare imports","duration":0.6282999999966705,"failureMessages":[],"meta":{}},{"ancestorTitles":["Build Server Regression Tests","isBareImport() - Path Classification"],"fullName":"Build Server Regression Tests isBareImport() - Path Classification should NOT treat Unix absolute paths as bare imports","status":"passed","title":"should NOT treat Unix absolute paths as bare imports","duration":0.5820999999996275,"failureMessages":[],"meta":{}},{"ancestorTitles":["Build Server Regression Tests","isBareImport() - Path Classification"],"fullName":"Build Server Regression Tests isBareImport() - Path Classification should NOT treat Windows absolute paths as bare imports (forward slash)","status":"passed","title":"should NOT treat Windows absolute paths as bare imports (forward slash)","duration":1.0279000000009546,"failureMessages":[],"meta":{}},{"ancestorTitles":["Build Server Regression Tests","isBareImport() - Path Classification"],"fullName":"Build Server Regression Tests isBareImport() - Path Classification should NOT treat Windows absolute paths as bare imports (backslash)","status":"passed","title":"should NOT treat Windows absolute paths as bare imports (backslash)","duration":0.49299999999493593,"failureMessages":[],"meta":{}},{"ancestorTitles":["Build Server Regression Tests","isBareImport() - Path Classification"],"fullName":"Build Server Regression Tests isBareImport() - Path Classification should NOT treat mixed Windows paths as bare imports","status":"passed","title":"should NOT treat mixed Windows paths as bare imports","duration":0.2760999999954947,"failureMessages":[],"meta":{}},{"ancestorTitles":["Build Server Regression Tests","isBareImport() - Path Classification"],"fullName":"Build Server Regression Tests isBareImport() - Path Classification should NOT treat entry point paths as bare imports","status":"passed","title":"should NOT treat entry point paths as bare imports","duration":0.5454000000027008,"failureMessages":[],"meta":{}},{"ancestorTitles":["Build Server Regression Tests","isBareImport() - Path Classification"],"fullName":"Build Server Regression Tests isBareImport() - Path Classification should handle edge cases","status":"passed","title":"should handle edge cases","duration":0.45010000000183936,"failureMessages":[],"meta":{}},{"ancestorTitles":["Build Server Regression Tests","Entry Point Detection"],"fullName":"Build Server Regression Tests Entry Point Detection should correctly identify the server entry point as a local file","status":"passed","title":"should correctly identify the server entry point as a local file","duration":0.7406999999948312,"failureMessages":[],"meta":{}},{"ancestorTitles":["Build Server Regression Tests","Entry Point Detection"],"fullName":"Build Server Regression Tests Entry Point Detection should handle Windows-style paths in the entry point","status":"passed","title":"should handle Windows-style paths in the entry point","duration":0.5231999999959953,"failureMessages":[],"meta":{}},{"ancestorTitles":["Build Server Regression Tests","Build Configuration Validation"],"fullName":"Build Server Regression Tests Build Configuration Validation should use esbuild with --packages=external flag","status":"passed","title":"should use esbuild with --packages=external flag","duration":4.291199999999662,"failureMessages":[],"meta":{}},{"ancestorTitles":["Build Server Regression Tests","Build Configuration Validation"],"fullName":"Build Server Regression Tests Build Configuration Validation should build server from server/index.ts entry point","status":"passed","title":"should build server from server/index.ts entry point","duration":1.0377999999982421,"failureMessages":[],"meta":{}},{"ancestorTitles":["Build Server Regression Tests","Build Configuration Validation"],"fullName":"Build Server Regression Tests Build Configuration Validation should externalize npm packages while bundling local files","status":"passed","title":"should externalize npm packages while bundling local files","duration":1.399199999999837,"failureMessages":[],"meta":{}}],"startTime":1776646284021,"endTime":1776646284043.3992,"status":"passed","message":"","name":"C:/Users/14438/projects/Lyceonai/tests/ci/build-server.regression.test.ts"},{"assertionResults":[{"ancestorTitles":["Calendar CSRF CI"],"fullName":"Calendar CSRF CI calendar_mutation_blocks_without_csrf","status":"passed","title":"calendar_mutation_blocks_without_csrf","duration":124.33779999999751,"failureMessages":[],"meta":{}},{"ancestorTitles":["Calendar CSRF CI"],"fullName":"Calendar CSRF CI calendar_mutation_allows_with_valid_csrf","status":"passed","title":"calendar_mutation_allows_with_valid_csrf","duration":132.79200000000128,"failureMessages":[],"meta":{}},{"ancestorTitles":["Calendar CSRF CI"],"fullName":"Calendar CSRF CI calendar_get_routes_not_csrf_blocked","status":"passed","title":"calendar_get_routes_not_csrf_blocked","duration":45.12189999999828,"failureMessages":[],"meta":{}}],"startTime":1776646272324,"endTime":1776646272627.1218,"status":"passed","message":"","name":"C:/Users/14438/projects/Lyceonai/tests/ci/calendar.csrf.ci.test.ts"},{"assertionResults":[{"ancestorTitles":["Calendar student/guardian parity contract"],"fullName":"Calendar student/guardian parity contract guardian calendar is a projection of the same student month builder output","status":"passed","title":"guardian calendar is a projection of the same student month builder output","duration":152.91310000000158,"failureMessages":[],"meta":{}}],"startTime":1776646269333,"endTime":1776646269485.913,"status":"passed","message":"","name":"C:/Users/14438/projects/Lyceonai/tests/ci/calendar.guardian-parity.contract.test.ts"},{"assertionResults":[{"ancestorTitles":["Calendar Ownership Contract"],"fullName":"Calendar Ownership Contract refresh preserves user-overridden future days","status":"passed","title":"refresh preserves user-overridden future days","duration":197.34680000000117,"failureMessages":[],"meta":{}},{"ancestorTitles":["Calendar Ownership Contract"],"fullName":"Calendar Ownership Contract regenerate-one-day replaces override for that day only","status":"passed","title":"regenerate-one-day replaces override for that day only","duration":42.21260000000075,"failureMessages":[],"meta":{}},{"ancestorTitles":["Calendar Ownership Contract"],"fullName":"Calendar Ownership Contract guardian is read-blocked from student calendar mutation routes","status":"passed","title":"guardian is read-blocked from student calendar mutation routes","duration":15.586800000000949,"failureMessages":[],"meta":{}},{"ancestorTitles":["Calendar Ownership Contract"],"fullName":"Calendar Ownership Contract premium entitlement gates calendar reads and writes","status":"passed","title":"premium entitlement gates calendar reads and writes","duration":42.021600000001854,"failureMessages":[],"meta":{}},{"ancestorTitles":["Calendar Ownership Contract"],"fullName":"Calendar Ownership Contract denies the 4th counted calendar refresh/regeneration action in rolling window","status":"passed","title":"denies the 4th counted calendar refresh/regeneration action in rolling window","duration":61.39940000000206,"failureMessages":[],"meta":{}},{"ancestorTitles":["Calendar Ownership Contract"],"fullName":"Calendar Ownership Contract deduplicates calendar quota reservations by request id replay","status":"passed","title":"deduplicates calendar quota reservations by request id replay","duration":79.07200000000012,"failureMessages":[],"meta":{}},{"ancestorTitles":["Calendar Ownership Contract"],"fullName":"Calendar Ownership Contract does not apply calendar quota gate to non-counted actions","status":"passed","title":"does not apply calendar quota gate to non-counted actions","duration":37.70829999999842,"failureMessages":[],"meta":{}},{"ancestorTitles":["Calendar Ownership Contract"],"fullName":"Calendar Ownership Contract custom mode returns catch-up suggestions without writes","status":"passed","title":"custom mode returns catch-up suggestions without writes","duration":14.12449999999808,"failureMessages":[],"meta":{}},{"ancestorTitles":["Calendar Ownership Contract"],"fullName":"Calendar Ownership Contract emits canonical observability events for generate/edit/refresh","status":"passed","title":"emits canonical observability events for generate/edit/refresh","duration":35.73919999999998,"failureMessages":[],"meta":{}},{"ancestorTitles":["Calendar Ownership Contract"],"fullName":"Calendar Ownership Contract syncCalendarDayFromSessions emits block_completed once at threshold crossing","status":"passed","title":"syncCalendarDayFromSessions emits block_completed once at threshold crossing","duration":4.137399999999616,"failureMessages":[],"meta":{}},{"ancestorTitles":["Calendar Ownership Contract"],"fullName":"Calendar Ownership Contract planner horizon caps at exam date and defaults to 28 days without exam date","status":"passed","title":"planner horizon caps at exam date and defaults to 28 days without exam date","duration":61.53909999999814,"failureMessages":[],"meta":{}},{"ancestorTitles":["Calendar Ownership Contract"],"fullName":"Calendar Ownership Contract fails closed for month payload when attempts source read fails","status":"passed","title":"fails closed for month payload when attempts source read fails","duration":10.406899999998132,"failureMessages":[],"meta":{}},{"ancestorTitles":["Calendar Ownership Contract"],"fullName":"Calendar Ownership Contract fails closed for refresh when attempts source read fails without mutating planner state","status":"passed","title":"fails closed for refresh when attempts source read fails without mutating planner state","duration":10.558700000001409,"failureMessages":[],"meta":{}},{"ancestorTitles":["Calendar Ownership Contract"],"fullName":"Calendar Ownership Contract rejects reset-to-auto for nonexistent day state","status":"passed","title":"rejects reset-to-auto for nonexistent day state","duration":8.3541999999
[...]
:"passed","message":"","name":"C:/Users/14438/projects/Lyceonai/client/src/components/practice/CanonicalPracticePage.test.tsx"},{"assertionResults":[{"ancestorTitles":["DesmosCalculator env wiring"],"fullName":"DesmosCalculator env wiring fails closed with clear error when VITE_DESMOS_API_KEY is missing","status":"passed","title":"fails closed with clear error when VITE_DESMOS_API_KEY is missing","duration":166.51650000000154,"failureMessages":[],"meta":{}},{"ancestorTitles":["DesmosCalculator env wiring"],"fullName":"DesmosCalculator env wiring loads script with encoded VITE_DESMOS_API_KEY in v1.11 URL","status":"passed","title":"loads script with encoded VITE_DESMOS_API_KEY in v1.11 URL","duration":27.184400000001915,"failureMessages":[],"meta":{}}],"startTime":1776646273440,"endTime":1776646273634.1843,"status":"passed","message":"","name":"C:/Users/14438/projects/Lyceonai/client/src/components/math/DesmosCalculator.env.test.tsx"},{"assertionResults":[{"ancestorTitles":["adaptiveSelector"],"fullName":"adaptiveSelector should return a question for math section","status":"passed","title":"should return a question for math section","duration":10.742500000000291,"failureMessages":[],"meta":{}},{"ancestorTitles":["adaptiveSelector"],"fullName":"adaptiveSelector should use cluster mode when specified","status":"passed","title":"should use cluster mode when specified","duration":2.1952000000019325,"failureMessages":[],"meta":{}},{"ancestorTitles":["adaptiveSelector"],"fullName":"adaptiveSelector should use skill mode when specified","status":"passed","title":"should use skill mode when specified","duration":2.434400000001915,"failureMessages":[],"meta":{}},{"ancestorTitles":["adaptiveSelector"],"fullName":"adaptiveSelector marks bounded degraded fallback when weak-skill source fails","status":"passed","title":"marks bounded degraded fallback when weak-skill source fails","duration":8.553100000000995,"failureMessages":[],"meta":{}},{"ancestorTitles":["adaptiveSelector"],"fullName":"adaptiveSelector does not emit source warning when weak-skill source is healthy","status":"passed","title":"does not emit source warning when weak-skill source is healthy","duration":3.8611000000018976,"failureMessages":[],"meta":{}},{"ancestorTitles":["adaptiveSelector"],"fullName":"adaptiveSelector should respect fixed difficulty policy","status":"passed","title":"should respect fixed difficulty policy","duration":1.9089999999996508,"failureMessages":[],"meta":{}},{"ancestorTitles":["adaptiveSelector"],"fullName":"adaptiveSelector should include rationale with filter path","status":"passed","title":"should include rationale with filter path","duration":2.288700000000972,"failureMessages":[],"meta":{}},{"ancestorTitles":["adaptiveSelector"],"fullName":"adaptiveSelector should handle rw section correctly","status":"passed","title":"should handle rw section correctly","duration":1.895700000000943,"failureMessages":[],"meta":{}},{"ancestorTitles":["adaptiveSelector"],"fullName":"adaptiveSelector should map question to student format correctly","status":"passed","title":"should map question to student format correctly","duration":3.4769999999989523,"failureMessages":[],"meta":{}},{"ancestorTitles":["adaptiveSelector"],"fullName":"adaptiveSelector balanced mode picks deterministically","status":"passed","title":"balanced mode picks deterministically","duration":5.217400000001362,"failureMessages":[],"meta":{}},{"ancestorTitles":["adaptiveSelector"],"fullName":"adaptiveSelector difficulty randomness is deterministic per seed","status":"passed","title":"difficulty randomness is deterministic per seed","duration":6.733299999999872,"failureMessages":[],"meta":{}}],"startTime":1776646281130,"endTime":1776646281180.7334,"status":"passed","message":"","name":"C:/Users/14438/projects/Lyceonai/apps/api/src/services/__tests__/adaptiveSelector.test.ts"},{"assertionResults":[{"ancestorTitles":["Full-Length Exam Contract Closure"],"fullName":"Full-Length Exam Contract Closure calculateScaledScore is deterministic and SAT-bounded","status":"passed","title":"calculateScaledScore is deterministic and SAT-bounded","duration":4.981699999996636,"failureMessages":[],"meta":{}},{"ancestorTitles":["Full-Length Exam Contract Closure"],"fullName":"Full-Length Exam Contract Closure completeExam emits internally consistent raw/scaled/domain/skill outputs","status":"passed","title":"completeExam emits internally consistent raw/scaled/domain/skill outputs","duration":17.031600000002072,"failureMessages":[],"meta":{}},{"ancestorTitles":["Full-Length Exam Contract Closure"],"fullName":"Full-Length Exam Contract Closure duplicate same-answer submission is idempotent (first write wins)","status":"passed","title":"duplicate same-answer submission is idempotent (first write wins)","duration":6.124400000000605,"failureMessages":[],"meta":{}},{"ancestorTitles":["Full-Length Exam Contract Closure"],"fullName":"Full-Length Exam Contract Closure fails closed when duplicate submission replays with a different answer","status":"passed","title":"fails closed when duplicate submission replays with a different answer","duration":8.923599999994622,"failureMessages":[],"meta":{}},{"ancestorTitles":["Full-Length Exam Contract Closure"],"fullName":"Full-Length Exam Contract Closure review remains locked until completion","status":"passed","title":"review remains locked until completion","duration":1.6304000000018277,"failureMessages":[],"meta":{}}],"startTime":1776646282171,"endTime":1776646282209.6304,"status":"passed","message":"","name":"C:/Users/14438/projects/Lyceonai/apps/api/src/services/__tests__/fullLengthExam.contract.test.ts"},{"assertionResults":[{"ancestorTitles":["Full-Length -> Canonical Mastery Event Bridge"],"fullName":"Full-Length -> Canonical Mastery Event Bridge emits test_pass event on module submission for correct answers","status":"passed","title":"emits test_pass event on module submission for correct answers","duration":18.294999999998254,"failureMessages":[],"meta":{}},{"ancestorTitles":["Full-Length -> Canonical Mastery Event Bridge"],"fullName":"Full-Length -> Canonical Mastery Event Bridge does not emit duplicate mastery events when module submission is replayed","status":"passed","title":"does not emit duplicate mastery events when module submission is replayed","duration":6.055299999999988,"failureMessages":[],"meta":{}},{"ancestorTitles":["Full-Length -> Canonical Mastery Event Bridge"],"fullName":"Full-Length -> Canonical Mastery Event Bridge does not emit duplicate mastery events when submit loses status race","status":"passed","title":"does not emit duplicate mastery events when submit loses status race","duration":2.5515999999988708,"failureMessages":[],"meta":{}},{"ancestorTitles":["Full-Length -> Canonical Mastery Event Bridge"],"fullName":"Full-Length -> Canonical Mastery Event Bridge skips mastery emission when difficulty bucket cannot be resolved","status":"passed","title":"skips mastery emission when difficulty bucket cannot be resolved","duration":4.252899999999499,"failureMessages":[],"meta":{}}],"startTime":1776646282456,"endTime":1776646282488.253,"status":"passed","message":"","name":"C:/Users/14438/projects/Lyceonai/apps/api/src/services/__tests__/fullLengthExam.mastery-events.test.ts"},{"assertionResults":[{"ancestorTitles":["Full-Length Runtime Contract Additions"],"fullName":"Full-Length Runtime Contract Additions fails closed when no modeled score table exists for totalQuestions","status":"passed","title":"fails closed when no modeled score table exists for totalQuestions","duration":7.75970000000234,"failureMessages":[],"meta":{}},{"ancestorTitles":["Full-Length Runtime Contract Additions"],"fullName":"Full-Length Runtime Contract Additions accepts a published DB-backed form id and materializes fixed item order (no hardcoded single-form gate)","status":"passed","title":"accepts a published DB-backed form id and materializes fixed item order (no hardcoded single-form gate)","duration":17.31619999999748,"failureMessages":[],"meta":{}},{"ancestorTitles":["Full-Length Runtime Contract Additions"],"fullName":"Full-Length Runtime Contract Additions replays an active session without re-materializing questions (no reshuffle on resume/replay)","status":"passed","title":"replays an active session without re-materializing questions (no reshuffle on resume/replay)","duration":2.3650999999990745,"failureMessages":[],"meta":{}},{"ancestorTitles":["Full-Length Runtime Contract Additions"],"fullName":"Full-Length Runtime Contract Additions rejects draft test forms on session start","status":"passed","title":"rejects draft test forms on session start","duration":4.632499999999709,"failureMessages":[],"meta":{}},{"ancestorTitles":["Full-Length Runtime Contract Additions"],"fullName":"Full-Length Runtime Contract Additions rejects missing test forms on session start","status":"passed","title":"rejects missing test forms on session start","duration":2.5574000000015076,"failureMessages":[],"meta":{}},{"ancestorTitles":["Full-Length Runtime Contract Additions"],"fullName":"Full-Length Runtime Contract Additions denies active-session replay from a different client_instance_id","status":"passed","title":"denies active-session replay from a different client_instance_id","duration":2.0131000000001222,"failureMessages":[],"meta":{}},{"ancestorTitles":["Full-Length Runtime Contract Additions"],"fullName":"Full-Length Runtime Contract Additions emits test_started observability event","status":"passed","title":"emits test_started observability event","duration":5.078300000001036,"failureMessages":[],"meta":{}}],"startTime":1776646281165,"endTime":1776646281207.0784,"status":"passed","message":"","name":"C:/Users/14438/projects/Lyceonai/apps/api/src/services/__tests__/fullLengthExam.runtime.contract.test.ts"},{"assertionResults":[{"ancestorTitles":["Full-Length Exam Service","createExamSession - Idempotency"],"fullName":"Full-Length Exam Service createExamSession - Idempotency should return existing active session instead of creating duplicate","status":"passed","title":"should return existing active session instead of creating duplicate","duration":8.692399999999907,"failureMessages":[],"meta":{}},{"ancestorTitles":["Full-Length Exam Service","createExamSession - Idempotency"],"fullName":"Full-Length Exam Service createExamSession - Idempotency should NOT call insert when an active session exists","status":"passed","title":"should NOT call insert when an active session exists","duration":2.023399999998219,"failureMessages":[],"meta":{}},{"ancestorTitles":["Full-Length Exam Service","createExamSession - Idempotency"],"fullName":"Full-Length Exam Service createExamSession - Idempotency should create new session when no active session exists","status":"passed","title":"should create new session when no active session exists","duration":18.959599999998318,"failureMessages":[],"meta":{}},{"ancestorTitles":["Full-Length Exam Service","createExamSession - Idempotency"],"fullName":"Full-Length Exam Service createExamSession - Idempotency should check for active statuses: not_started, in_progress, and break (not completed)","status":"passed","title":"should check for active statuses: not_started, in_progress, and break (not completed)","duration":9.606799999997747,"failureMessages":[],"meta":{}},{"ancestorTitles":["Full-Length Exam Service","createExamSession - Idempotency"],"fullName":"Full-Length Exam Service createExamSession - Idempotency should handle race condition by returning existing session on unique constraint violation","status":"passed","title":"should handle race condition by returning existing session on unique constraint violation","duration":3.981599999999162,"failureMessages":[],"meta":{}},{"ancestorTitles":["Full-Length Exam Service","getCurrentSession - Answer State Restoration"],"fullName":"Full-Length Exam Service getCurrentSession - Answer State Restoration should include submitted answers in current question payload","status":"passed","title":"should include submitted answers in current question payload","duration":0.42510000000038417,"failureMessages":[],"meta":{}},{"ancestorTitles":["Full-Length Exam Service","getCurrentSession - Answer State Restoration"],"fullName":"Full-Length Exam Service getCurrentSession - Answer State Restoration should not include classification field (anti-leak)","status":"passed","title":"should not include classification field (anti-leak)","duration":0.5203000000001339,"failureMessages":[],"meta":{}},{"ancestorTitles":["Full-Length Exam Service","getCurrentSession - Answer State Restoration"],"fullName":"Full-Length Exam Service getCurrentSession - Answer State Restoration should not expose correct_answer or explanation in current question payload","status":"passed","title":"should not expose correct_answer or explanation in current question payload","duration":4.647699999997712,"failureMessages":[],"meta":{}},{"ancestorTitles":["Full-Length Exam Service","completeExam - Terminal State Guard"],"fullName":"Full-Length Exam Service completeExam - Terminal State Guard should reject completion before Math Module 2 is submitted","status":"passed","title":"should reject completion before Math Module 2 is submitted","duration":6.631699999998091,"failureMessages":[],"meta":{}},{"ancestorTitles":["Full-Length Exam Service","completeExam - Terminal State Guard"],"fullName":"Full-Length Exam Service completeExam - Terminal State Guard should reject completion when session is not in terminal state (not at math module 2)","status":"passed","title":"should reject completion when session is not in terminal state (not at math module 2)","duration":1.6489999999976135,"failureMessages":[],"meta":{}},{"ancestorTitles":["Full-Length Exam Service","completeExam - Terminal State Guard"],"fullName":"Full-Length Exam Service completeExam - Terminal State Guard should recompute canonical report when session is already completed (idempotent)","status":"passed","title":"should recompute canonical report when session is already completed (idempotent)","duration":16.870500000000902,"failureMessages":[],"meta":{}},{"ancestorTitles":["Full-Length Exam Service","completeExam - Terminal State Guard"],"fullName":"Full-Length Exam Service completeExam - Terminal State Guard should persist rollup on first completion and recompute canonical report on second","status":"passed","title":"should persist rollup on first completion and recompute canonical report on second","duration":26.904599999998027,"failureMessages":[],"meta":{}},{"ancestorTitles":["Full-Length Exam Service","submitModule - Module2 Single-Write Guarantee"],"fullName":"Full-Length Exam Service submitModule - Module2 Single-Write Guarantee should not overwrite difficulty_bucket if already set","status":"passed","title":"should not overwrite difficulty_bucket if already set","duration":15.659099999997125,"failureMessages":[],"meta":{}},{"ancestorTitles":["Full-Length Exam Service","submitModule - Deterministic Timing Rules"],"fullName":"Full-Length Exam Service submitModule - Deterministic Timing Rules should reject submission if ends_at is null (module not started)","status":"passed","title":"should reject submission if ends_at is null (module not started)","duration":2.4716999999982363,"failureMessages":[],"meta":{}},{"ancestorTitles":["Full-Length Exam Service","submitModule - Deterministic Timing Rules"],"fullName":"Full-Length Exam Service submitModule - Deterministic Timing Rules should set submitted_late=true when ends_at is in the past","status":"passed","title":"should set submitted_late=true when ends_at is in the past","duration":3.6737000000030093,"failureMessages":[],"meta":{}},{"ancestorTitles":["Full-Length Exam Service","submitModule - Deterministic Timing Rules"],"fullName":"Full-Length Exam Service submitModule - Deterministic Timing Rules should set submitted_late=false when submitting on time","status":"passed","title":"should set submitted_late=false when submitting on time","duration":2.990399999998772,"failureMessages":[],"meta":{}},{"ancestorTitles":["Full-Length Exam Service","submitModule - Deterministic Timing Rules"],"fullName":"Full-Length Exam Service submitModule - Deterministic Timing Rules should reject submission if module status is not in_progress","status":"passed","title":"should reject submission if module status is not in_progress","duration":6.624100000000908,"failureMessages":[],"meta":{}},{"ancestorTitles":["Full-Length Exam Service","getExamReview - Safe Question Field Projection"],"fullName":"Full-Length Exam Service getExamReview - Safe Question Field Projection should NOT include answer/explanation fields for not-completed session","status":"passed","title":"should NOT include answer/explanation fields for not-completed session","duration":5.5878000000011525,"failureMessages":[],"meta":{}},{"ancestorTitles":["Full-Length Exam Service","getExamReview - Safe Question Field Projection"],"fullName":"Full-Length Exam Service getExamReview - Safe Question Field Projection should include answer/explanation fields for completed session","status":"passed","title":"should include answer/explanation fields for completed session","duration":4.395000000000437,"failureMessages":[],"meta":{}},{"ancestorTitles":["Full-Length Exam Service","getExamReview - Safe Question Field Projection"],"fullName":"Full-Length Exam Service getExamReview - Safe Question Field Projection should verify allowlist constant contains only safe fields","status":"passed","title":"should verify allowlist constant contains only safe fields","duration":3.7269999999989523,"failureMessages":[],"meta":{}},{"ancestorTitles":["Full-Length Exam Service","getExamReview - Safe Question Field Projection"],"fullName":"Full-Length Exam Service getExamReview - Safe Question Field Projection should verify answer fields constant contains the right fields","status":"passed","title":"should verify answer fields constant contains the right fields","duration":0.864000000001397,"failureMessages":[],"meta":{}}],"startTime":1776646275879,"endTime":1776646276028.864,"status":"passed","message":"","name":"C:/Users/14438/projects/Lyceonai/apps/api/src/services/__tests__/fullLengthExam.test.ts"},{"assertionResults":[{"ancestorTitles":["exam-form-builder"],"fullName":"exam-form-builder builds correct module sizes","status":"passed","title":"builds correct module sizes","duration":18.06290000000081,"failureMessages":[],"meta":{}},{"ancestorTitles":["exam-form-builder"],"fullName":"exam-form-builder no duplicates within RW modules and within Math modules","status":"passed","title":"no duplicates within RW modules and within Math modules","duration":9.680299999999988,"failureMessages":[],"meta":{}},{"ancestorTitles":["exam-form-builder"],"fullName":"exam-form-builder marks exactly 2 pretests per module","status":"passed","title":"marks exactly 2 pretests per module","duration":14.981400000000576,"failureMessages":[],"meta":{}},{"ancestorTitles":["exam-form-builder"],"fullName":"exam-form-builder R&W is grouped by domain order (non-decreasing group index)","status":"passed","title":"R&W is grouped by domain order (non-decreasing group index)","duration":14.818299999998999,"failureMessages":[],"meta":{}},{"ancestorTitles":["exam-form-builder"],"fullName":"exam-form-builder deterministic: same seed yields same blueprint","status":"passed","title":"deterministic: same seed yields same blueprint","duration":19.151700000002165,"failureMessages":[],"meta":{}},{"ancestorTitles":["exam-form-builder"],"fullName":"exam-form-builder variation: different seeds yield different selection (usually)","status":"passed","title":"variation: different seeds yield different selection (usually)","duration":12.542600000000675,"failureMessages":[],"meta":{}}],"startTime":1776646280017,"endTime":1776646280106.5425,"status":"passed","message":"","name":"C:/Users/14438/projects/Lyceonai/apps/api/src/services/exams/__tests__/exam-form-builder.test.ts"}]}