{"numTotalTestSuites":333,"numPassedTestSuites":304,"numFailedTestSuites":29,"numPendingTestSuites":0,"numTotalTests":660,"numPassedTests":631,"numFailedTests":28,"numPendingTests":1,"numTodoTests":0,"snapshot":{"added":0,"failure":false,"filesAdded":0,"filesRemoved":0,"filesRemovedList":[],"filesUnmatched":0,"filesUpdated":0,"matched":0,"total":0,"unchecked":0,"uncheckedKeysByFile":[],"unmatched":0,"updated":0,"didUpdate":false},"startTime":1776571749584,"success":false,"testResults":[{"assertionResults":[{"ancestorTitles":["Entitlement/Auth Regression Invariants"],"fullName":"Entitlement/Auth Regression Invariants auth_cookie_only_api_rag_v2_rejects_bearer","status":"passed","title":"auth_cookie_only_api_rag_v2_rejects_bearer","duration":133.82240000000456,"failureMessages":[],"meta":{}},{"ancestorTitles":["Entitlement/Auth Regression Invariants"],"fullName":"Entitlement/Auth Regression Invariants auth_rag_v2_requires_cookie","status":"passed","title":"auth_rag_v2_requires_cookie","duration":26.523400000005495,"failureMessages":[],"meta":{}},{"ancestorTitles":["Entitlement/Auth Regression Invariants"],"fullName":"Entitlement/Auth Regression Invariants rag_v2_userid_from_auth_not_body","status":"passed","title":"rag_v2_userid_from_auth_not_body","duration":85.28579999999783,"failureMessages":[],"meta":{}},{"ancestorTitles":["Entitlement/Auth Regression Invariants"],"fullName":"Entitlement/Auth Regression Invariants admin_db_health_requires_admin","status":"passed","title":"admin_db_health_requires_admin","duration":26.844999999993888,"failureMessages":[],"meta":{}}],"startTime":1776571797137,"endTime":1776571797410.845,"status":"passed","message":"","name":"C:/Users/14438/projects/Lyceonai/tests/entitlements.regression.test.ts"},{"assertionResults":[{"ancestorTitles":["Webhook & Entitlements Tests"],"fullName":"Webhook & Entitlements Tests duplicate webhook replay does not double-write","status":"passed","title":"duplicate webhook replay does not double-write","duration":12.348000000005413,"failureMessages":[],"meta":{}},{"ancestorTitles":["Webhook & Entitlements Tests"],"fullName":"Webhook & Entitlements Tests out-of-order webhook events resolve to latest subscription state from Stripe","status":"passed","title":"out-of-order webhook events resolve to latest subscription state from Stripe","duration":22.125899999999092,"failureMessages":[],"meta":{}},{"ancestorTitles":["Webhook & Entitlements Tests"],"fullName":"Webhook & Entitlements Tests guardian-paid checkout writes entitlement to the linked student account","status":"passed","title":"guardian-paid checkout writes entitlement to the linked student account","duration":4.799299999998766,"failureMessages":[],"meta":{}},{"ancestorTitles":["Webhook & Entitlements Tests"],"fullName":"Webhook & Entitlements Tests webhook fails closed when account_id metadata is missing","status":"passed","title":"webhook fails closed when account_id metadata is missing","duration":13.818199999994249,"failureMessages":[],"meta":{}}],"startTime":1776571796237,"endTime":1776571796290.818,"status":"passed","message":"","name":"C:/Users/14438/projects/Lyceonai/tests/entitlements.webhook.test.ts"},{"assertionResults":[{"ancestorTitles":["IDOR Regression Invariants"],"fullName":"IDOR Regression Invariants tutor_runtime_userid_from_auth_not_body","status":"passed","title":"tutor_runtime_userid_from_auth_not_body","duration":192.5014999999985,"failureMessages":[],"meta":{}},{"ancestorTitles":["IDOR Regression Invariants"],"fullName":"IDOR Regression Invariants progress_review_attempt_rejects_foreign_session","status":"passed","title":"progress_review_attempt_rejects_foreign_session","duration":68.33380000000034,"failureMessages":[],"meta":{}}],"startTime":1776571793138,"endTime":1776571793399.3337,"status":"passed","message":"","name":"C:/Users/14438/projects/Lyceonai/tests/idor.regression.test.ts"},{"assertionResults":[{"ancestorTitles":["Canonical Mastery Event Behavior"],"fullName":"Canonical Mastery Event Behavior routes mastery events through apply_learning_event_to_mastery with deterministic payload","status":"passed","title":"routes mastery events through apply_learning_event_to_mastery with deterministic payload","duration":17.103900000001886,"failureMessages":[],"meta":{}},{"ancestorTitles":["Canonical Mastery Event Behavior"],"fullName":"Canonical Mastery Event Behavior fails closed on invalid difficulty bucket and does not call RPC","status":"passed","title":"fails closed on invalid difficulty bucket and does not call RPC","duration":2.9205000000001746,"failureMessages":[],"meta":{}}],"startTime":1776571808052,"endTime":1776571808071.9204,"status":"passed","message":"","name":"C:/Users/14438/projects/Lyceonai/tests/mastery.canonical-events.test.ts"},{"assertionResults":[{"ancestorTitles":["Mastery Difficulty Weights and Rounding","1. Deterministic Rounding - Precision Enforcement"],"fullName":"Mastery Difficulty Weights and Rounding 1. Deterministic Rounding - Precision Enforcement should enforce exactly ROUND_EVIDENCE_DECIMALS precision for E and C","status":"passed","title":"should enforce exactly ROUND_EVIDENCE_DECIMALS precision for E and C","duration":6.188000000001921,"failureMessages":[],"meta":{}},{"ancestorTitles":["Mastery Difficulty Weights and Rounding","1. Deterministic Rounding - Precision Enforcement"],"fullName":"Mastery Difficulty Weights and Rounding 1. Deterministic Rounding - Precision Enforcement should enforce exactly ROUND_ACCURACY_DECIMALS precision for accuracy","status":"passed","title":"should enforce exactly ROUND_ACCURACY_DECIMALS precision for accuracy","duration":0.7669999999998254,"failureMessages":[],"meta":{}},{"ancestorTitles":["Mastery Difficulty Weights and Rounding","1. Deterministic Rounding - Precision Enforcement"],"fullName":"Mastery Difficulty Weights and Rounding 1. Deterministic Rounding - Precision Enforcement should enforce exactly ROUND_MASTERY_SCORE_DECIMALS precision for mastery_score","status":"passed","title":"should enforce exactly ROUND_MASTERY_SCORE_DECIMALS precision for mastery_score","duration":0.5740000000005239,"failureMessages":[],"meta":{}},{"ancestorTitles":["Mastery Difficulty Weights and Rounding","1. Deterministic Rounding - Precision Enforcement"],"fullName":"Mastery Difficulty Weights and Rounding 1. Deterministic Rounding - Precision Enforcement should apply deterministic rounding consistently across updates","status":"passed","title":"should apply deterministic rounding consistently across updates","duration":1.8349999999991269,"failureMessages":[],"meta":{}},{"ancestorTitles":["Mastery Difficulty Weights and Rounding","2. Difficulty Weights - Evidence Impact"],"fullName":"Mastery Difficulty Weights and Rounding 2. Difficulty Weights - Evidence Impact should apply difficulty weight to both E and C","status":"passed","title":"should apply difficulty weight to both E and C","duration":2.2744999999995343,"failureMessages":[],"meta":{}},{"ancestorTitles":["Mastery Difficulty Weights and Rounding","2. Difficulty Weights - Evidence Impact"],"fullName":"Mastery Difficulty Weights and Rounding 2. Difficulty Weights - Evidence Impact should weight hard questions 1.2x more than easy for same event type","status":"passed","title":"should weight hard questions 1.2x more than easy for same event type","duration":0.8999999999941792,"failureMessages":[],"meta":{}},{"ancestorTitles":["Mastery Difficulty Weights and Rounding","2. Difficulty Weights - Evidence Impact"],"fullName":"Mastery Difficulty Weights and Rounding 2. Difficulty Weights - Evidence Impact should apply difficulty weight to incorrect answers (E only)","status":"passed","title":"should apply difficulty weight to incorrect answers (E only)","duration":1.1573999999964144,"failureMessages":[],"meta":{}},{"ancestorTitles":["Mastery Difficulty Weights and Rounding","2. Difficulty Weights - Evidence Impact"],"fullName":"Mastery Difficulty Weights and Rounding 2. Difficulty Weights - Evidence Impact should combine event weight and difficulty weight multiplicatively","status":"passed","title":"should combine event weight and difficulty weight multiplicatively","duration":0.8490999999994528,"failureMessages":[],"meta":{}},{"ancestorTitles":["Mastery Difficulty Weights and Rounding","3. Edge Cases with Difficulty Weights"],"fullName":"Mastery Difficulty Weights and Rounding 3. Edge Cases with Difficulty Weights should handle null/missing difficulty as default 1.0","status":"passed","title":"should handle null/missing difficulty as default 1.0","duration":2.7474999999976717,"failureMessages":[],"meta":{}},{"ancestorTitles":["Mastery Difficulty Weights and Rounding","3. Edge Cases with Difficulty Weights"],"fullName":"Mastery Difficulty Weights and Rounding 3. Edge Cases with Difficulty Weights should not produce NaN with difficulty weights and extreme decay","status":"passed","title":"should not produce NaN with difficulty weights and extreme decay","duration":1.298399999999674,"failureMessages":[],"meta":{}},{"ancestorTitles":["Mastery Difficulty Weights and Rounding","3. Edge Cases with Difficulty Weights"],"fullName":"Mastery Difficulty Weights and Rounding 3. Edge Cases with Difficulty Weights should handle rounding edge case: p exactly 0.5 → mastery_score 50.00","status":"passed","title":"should handle rounding edge case: p exactly 0.5 → mastery_score 50.00","duration":0.7753000000011525,"failureMessages":[],"meta":{}},{"ancestorTitles":["Mastery Difficulty Weights and Rounding","4. Formula Invariants with Difficulty Weights"],"fullName":"Mastery Difficulty Weights and Rounding 4. Formula Invariants with Difficulty Weights should always produce E >= C (attempts >= correct)","status":"passed","title":"should always produce E >= C (attempts >= correct)","duration":1.3608000000022002,"failureMessages":[],"meta":{}},{"ancestorTitles":["Mastery Difficulty Weights and Rounding","4. Formula Invariants with Difficulty Weights"],"fullName":"Mastery Difficulty Weights and Rounding 4. Formula Invariants with Difficulty Weights should produce mastery_score in [0, 100] regardless of weights","status":"passed","title":"should produce mastery_score in [0, 100] regardless of weights","duration":1.2612999999983003,"failureMessages":[],"meta":{}},{"ancestorTitles":["Mastery Difficulty Weights and Rounding","4. Formula Invariants with Difficulty Weights"],"fullName":"Mastery Difficulty Weights and Rounding 4. Formula Invariants with Difficulty Weights should ensure p increases with C for fixed E (monotonicity)","status":"passed","title":"should ensure p increases with C for fixed E (monotonicity)","duration":2.999199999998382,"failureMessages":[],"meta":{}}],"startTime":1776571807720,"endTime":1776571807747.9993,"status":"passed","message":"","name":"C:/Users/14438/projects/Lyceonai/tests/mastery.difficulty-weights-rounding.test.ts"},{"assertionResults":[{"ancestorTitles":["Mastery Event Routing Contract"],"fullName":"Mastery Event Routing Contract maps practice submit outcomes through applyLearningEventToMastery with sourceFamily=practice","status":"passed","title":"maps practice submit outcomes through applyLearningEventToMastery with sourceFamily=practice","duration":6.4354999999995925,"failureMessages":[],"meta":{}},{"ancestorTitles":["Mastery Event Routing Contract"],"fullName":"Mastery Event Routing Contract maps full-test outcomes through applyLearningEventToMastery with sourceFamily=test","status":"passed","title":"maps full-test outcomes through applyLearningEventToMastery with sourceFamily=test","duration":3.7932999999975436,"failureMessages":[],"meta":{}},{"ancestorTitles":["Mastery Event Routing Contract"],"fullName":"Mastery Event Routing Contract keeps deprecated runtime mastery event names out of active service/routes code","status":"passed","title":"keeps deprecated runtime mastery event names out of active service/routes code","duration":8.474699999998847,"failureMessages":[],"meta":{}}],"startTime":1776571807952,"endTime":1776571807970.4746,"status":"passed","message":"","name":"C:/Users/14438/projects/Lyceonai/tests/mastery.event-routing.contract.test.ts"},{"assertionResults":[{"ancestorTitles":["True Half-Life Mastery Edge Cases","1. Deep Freeze - Regression to Prior Mean"],"fullName":"True Half-Life Mastery Edge Cases 1. Deep Freeze - Regression to Prior Mean should regress high mastery toward prior mean after huge time gap","status":"passed","title":"should regress high mastery toward prior mean after huge time gap","duration":7.1391999999978,"failureMessages":[],"meta":{}},{"ancestorTitles":["True Half-Life Mastery Edge Cases","1. Deep Freeze - Regression to Prior Mean"],"fullName":"True Half-Life Mastery Edge Cases 1. Deep Freeze - Regression to Prior Mean should not produce NaN or Infinity even with extreme decay","status":"passed","title":"should not produce NaN or Infinity even with extreme decay","duration":1.569999999999709,"failureMessages":[],"meta":{}},{"ancestorTitles":["True Half-Life Mastery Edge Cases","2. Perfect Prodigy - Asymptotic Approach to p=1"],"fullName":"True Half-Life Mastery Edge Cases 2. Perfect Prodigy - Asymptotic Approach to p=1 should approach p=1 with 1000 correct attempts but not exactly reach it","status":"passed","title":"should approach p=1 with 1000 correct attempts but not exactly reach it","duration":1.39259999999922,"failureMessages":[],"meta":{}},{"ancestorTitles":["True Half-Life Mastery Edge Cases","2. Perfect Prodigy - Asymptotic Approach to p=1"],"fullName":"True Half-Life Mastery Edge Cases 2. Perfect Prodigy - Asymptotic Approach to p=1 should handle 1000 incorrect attempts without underflow","status":"passed","title":"should handle 1000 incorrect attempts without underflow","duration":2.0579999999972642,"failureMessages":[],"meta":{}},{"ancestorTitles":["True Half-Life Mastery Edge Cases","3. Event Weight Bias - Equivalent Impact"],"fullName":"True Half-Life Mastery Edge Cases 3. Event Weight Bias - Equivalent Impact should yield same p for 10 practice vs 8 diagnostic (weighted)","status":"passed","title":"should yield same p for 10 practice vs 8 diagnostic (weighted)","duration":0.796200000004319,"failureMessages":[],"meta":{}},{"ancestorTitles":["True Half-Life Mastery Edge Cases","3. Event Weight Bias - Equivalent Impact"],"fullName":"True Half-Life Mastery Edge Cases 3. Event Weight Bias - Equivalent Impact should respect event weight differences for same attempt count","status":"passed","title":"should respect event weight differences for same attempt count","duration":0.8293999999950756,"failureMessages":[],"meta":{}},{"ancestorTitles":["True Half-Life Mastery Edge Cases","4. Underflow - Single Attempt + Long Gap"],"fullName":"True Half-Life Mastery Edge Cases 4. Underflow - Single Attempt + Long Gap should remain stable with single attempt + 500 day gap","status":"passed","title":"should remain stable with single attempt + 500 day gap","duration":1.4481999999989057,"failureMessages":[],"meta":{}},{"ancestorTitles":["True Half-Life Mastery Edge Cases","4. Underflow - Single Attempt + Long Gap"],"fullName":"True Half-Life Mastery Edge Cases 4. Underflow - Single Attempt + Long Gap should handle zero existing attempts gracefully (cold start)","status":"passed","title":"should handle zero existing attempts gracefully (cold start)","duration":1.0859000000054948,"failureMessages":[],"meta":{}},{"ancestorTitles":["True Half-Life Mastery Edge Cases","4. Underflow - Single Attempt + Long Gap"],"fullName":"True Half-Life Mastery Edge Cases 4. Underflow - Single Attempt + Long Gap should never produce divide-by-zero with priors","status":"passed","title":"should never produce divide-by-zero with priors","duration":2.267199999994773,"failureMessages":[],"meta":{}},{"ancestorTitles":["True Half-Life Mastery Edge Cases","5. Formula Invariants - Sanity Checks"],"fullName":"True Half-Life Mastery Edge Cases 5. Formula Invariants - Sanity Checks should always produce p in (0, 1) range","status":"passed","title":"should always produce p in (0, 1) range","duration":3.0161000000007334,"failureMessages":[],"meta":{}},{"ancestorTitles":["True Half-Life Mastery Edge Cases","5. Formula Invariants - Sanity Checks"],"fullName":"True Half-Life Mastery Edge Cases 5. Formula Invariants - Sanity Checks should produce mastery_score in [0, 100] range","status":"passed","title":"should produce mastery_score in [0, 100] range","duration":2.073899999995774,"failureMessages":[],"meta":{}},{"ancestorTitles":["True Half-Life Mastery Edge Cases","5. Formula Invariants - Sanity Checks"],"fullName":"True Half-Life Mastery Edge Cases 5. Formula Invariants - Sanity Checks should ensure p increases monotonically with C for fixed E","status":"passed","title":"should ensure p increases monotonically with C for fixed E","duration":1.3585000000020955,"failureMessages":[],"meta":{}},{"ancestorTitles":["True Half-Life Mastery Edge Cases","5. Formula Invariants - Sanity Checks"],"fullName":"True Half-Life Mastery Edge Cases 5. Formula Invariants - Sanity Checks should ensure decay factor decreases exponentially with time","status":"passed","title":"should ensure decay factor decreases exponentially with time","duration":0.7844000000040978,"failureMessages":[],"meta":{}}],"startTime":1776571809817,"endTime":1776571809846.7844,"status":"passed","message":"","name":"C:/Users/14438/projects/Lyceonai/tests/mastery.true-halflife.edgecases.test.ts"},{"assertionResults":[{"ancestorTitles":["Mastery Write Paths Guard"],"fullName":"Mastery Write Paths Guard should enforce single choke point for mastery writes","status":"passed","title":"should enforce single choke point for mastery writes","duration":211.59569999999803,"failureMessages":[],"meta":{}},{"ancestorTitles":["Mastery Write Paths Guard"],"fullName":"Mastery Write Paths Guard should verify choke point module contains expected write operations","status":"passed","title":"should verify choke point module contains expected write operations","duration":3.471300000004703,"failureMessages":[],"meta":{}},{"ancestorTitles":["Mastery Write Paths Guard"],"fullName":"Mastery Write Paths Guard should prevent RPC calls to mastery functions outside choke point","status":"passed","title":"should prevent RPC calls to mastery functions outside choke point","duration":211.23879999999917,"failureMessages":[],"meta":{}}],"startTime":1776571785461,"endTime":1776571785887.2388,"status":"passed","message":"","name":"C:/Users/14438/projects/Lyceonai/tests/mastery.writepaths.guard.test.ts"},{"assertionResults":[{"ancestorTitles":["Legacy Questions Validate Path Quarantine"],"fullName":"Legacy Questions Validate Path Quarantine returns 404 for unauthenticated requests","status":"passed","title":"returns 404 for unauthenticated requests","duration":197.11579999999958,"failureMessages":[],"meta":{}},{"ancestorTitles":["Legacy Questions Validate Path Quarantine"],"fullName":"Legacy Questions Validate Path Quarantine returns 404 even with bearer auth","status":"passed","title":"returns 404 even with bearer auth","duration":29.395400000001246,"failureMessages":[],"meta":{}}],"startTime":1776571805365,"endTime":1776571805592.3955,"status":"passed","message":"","name":"C:/Users/14438/projects/Lyceonai/tests/practice.validate.regression.test.ts"},{"assertionResults":[{"ancestorTitles":["RAG Security Surface"],"fullName":"RAG Security Surface keeps legacy /api/rag unmounted (404)","status":"passed","title":"keeps legacy /api/rag unmounted (404)","duration":187.10519999999815,"failureMessages":[],"meta":{}},{"ancestorTitles":["RAG Security Surface"],"fullName":"RAG Security Surface uses authenticated req.user.id for /api/rag/v2 and ignores body userId","status":"passed","title":"uses authenticated req.user.id for /api/rag/v2 and ignores body userId","duration":54.813600000001315,"failureMessages":[],"meta":{}},{"ancestorTitles":["RAG Security Surface"],"fullName":"RAG Security Surface sanitizes primary question reveal fields for student /api/rag/v2 calls","status":"passed","title":"sanitizes primary question reveal fields for student /api/rag/v2 calls","duration":38.431900000003225,"failureMessages":[],"meta":{}},{"ancestorTitles":["RAG Security Surface"],"fullName":"RAG Security Surface sanitizes supporting question reveal fields for student /api/rag/v2 calls","status":"passed","title":"sanitizes supporting question reveal fields for student /api/rag/v2 calls","duration":31.95900000000256,"failureMessages":[],"meta":{}},{"ancestorTitles":["RAG Security Surface"],"fullName":"RAG Security Surface generic authenticated student calls cannot leak answer or explanation fields","status":"passed","title":"generic authenticated student calls cannot leak answer or explanation fields","duration":26.602300000005926,"failureMessages":[],"meta":{}}],"startTime":1776571798096,"endTime":1776571798436.6023,"status":"passed","message":"","name":"C:/Users/14438/projects/Lyceonai/tests/rag.security.test.ts"},{"assertionResults":[{"ancestorTitles":["Review Error -> Canonical Mastery Bridge"],"fullName":"Review Error -> Canonical Mastery Bridge emits REVIEW_PASS when retry is correct without tutor context","status":"failed","title":"emits REVIEW_PASS when retry is correct without tutor context","duration":41.643200000000434,"failureMessages":["AssertionError: expected 400 to be 200 // Object.is equality\n    at C:/Users/14438/projects/Lyceonai/tests/review-errors.mastery-bridge.test.ts:192:25\n    at file:///C:/Users/14438/projects/Lyceonai/node_modules/.pnpm/@vitest+runner@4.0.17/node_modules/@vitest/runner/dist/index.js:915:20"],"meta":{}},{"ancestorTitles":["Review Error -> Canonical Mastery Bridge"],"fullName":"Review Error -> Canonical Mastery Bridge emits REVIEW_PASS only when tutor context is present (no tutor mastery)","status":"failed","title":"emits REVIEW_PASS only when tutor context is present (no tutor mastery)","duration":3.8096000000005006,"failureMessages":["AssertionError: expected 400 to be 200 // Object.is equality\n    at C:/Users/14438/projects/Lyceonai/tests/review-errors.mastery-bridge.test.ts:225:25\n    at file:///C:/Users/14438/projects/Lyceonai/node_modules/.pnpm/@vitest+runner@4.0.17/node_modules/@vitest/runner/dist/index.js:915:20"],"meta":{}}],"startTime":1776571756144,"endTime":1776571756189.8096,"status":"failed","message":"","name":"C:/Users/14438/projects/Lyceonai/tests/review-errors.mastery-bridge.test.ts"},{"assertionResults":[{"ancestorTitles":["Review queue runtime contract"],"fullName":"Review queue runtime contract builds deterministic unresolved queue from canonical misses and dedupes by question","status":"passed","title":"builds deterministic unresolved queue from canonical misses and dedupes by question","duration":27.916199999999662,"failureMessages":[],"meta":{}},{"ancestorTitles":["Review queue runtime contract"],"fullName":"Review queue runtime contract includes full-test misses when no practice miss exists","status":"passed","title":"includes full-test misses when no practice miss exists","duration":2.6181999999971595,"failureMessages":[],"meta":{}},{"ancestorTitles":["Review queue runtime contract"],"fullName":"Review queue runtime contract denies unauthenticated access","status":"passed","title":"denies unauthenticated access","duration":1.1167999999961467,"failureMessages":[],"meta":{}},{"ancestorTitles":["Review queue runtime contract"],"fullName":"Review queue runtime contract requires explicit review mode","status":"passed","title":"requires explicit review mode","duration":4.249199999998382,"failureMessages":[],"meta":{}},{"ancestorTitles":["Review queue runtime contract"],"fullName":"Review queue runtime contract does not derive canonical identity from canonical-shaped question_id when canonical_id is missing","status":"passed","title":"does not derive canonical identity from canonical-shaped question_id when canonical_id is missing","duration":3.2563000000009197,"failureMessages":[],"meta":{}},{"ancestorTitles":["Review queue runtime contract"],"fullName":"Review queue runtime contract filters queue to a single practice session when mode=by_practice_session","status":"passed","title":"filters queue to a single practice session when mode=by_practice_session","duration":2.2019000000000233,"failureMessages":[],"meta":{}},{"ancestorTitles":["Review queue runtime contract"],"fullName":"Review queue runtime contract filters queue to a single full-length session when mode=by_full_length_session","status":"passed","title":"filters queue to a single full-length session when mode=by_full_length_session","duration":2.2629000000015367,"failureMessages":[],"meta":{}}],"startTime":1776571808118,"endTime":1776571808162.263,"status":"passed","message":"","name":"C:/Users/14438/projects/Lyceonai/tests/review-errors.queue.contract.test.ts"},{"assertionResults":[{"ancestorTitles":["Canonical Review Outcome Consumption"],"fullName":"Canonical Review Outcome Consumption canonical KPI counted-event set includes review outcomes and excludes tutor-only events","status":"passed","title":"canonical KPI counted-event set includes review outcomes and excludes tutor-only events","duration":8.802400000000489,"failureMessages":[],"meta":{}},{"ancestorTitles":["Canonical Review Outcome Consumption"],"fullName":"Canonical Review Outcome Consumption student calendar includes canonical review outcomes and excludes tutor-only events","status":"passed","title":"student calendar includes canonical review outcomes and excludes tutor-only events","duration":2.338999999992666,"failureMessages":[],"meta":{}}],"startTime":1776571815451,"endTime":1776571815462.339,"status":"passed","message":"","name":"C:/Users/14438/projects/Lyceonai/tests/review-outcomes.kpi-calendar.contract.test.ts"},{"assertionResults":[{"ancestorTitles":["Review session lifecycle contract"],"fullName":"Review session lifecycle contract starts one canonical review session and replays without duplicating items","status":"passed","title":"starts one canonical review session and replays without duplicating items","duration":59.165899999999965,"failureMessages":[],"meta":{}},{"ancestorTitles":["Review session lifecycle contract"],"fullName":"Review session lifecycle contract replays session start deterministically by idempotency key","status":"passed","title":"replays session start deterministically by idempotency key","duration":8.47099999999773,"failureMessages":[],"meta":{}},{"ancestorTitles":["Review session lifecycle contract"],"fullName":"Review session lifecycle contract materializes deterministic ordinals with exactly one served unresolved item","status":"passed","title":"materializes deterministic ordinals with exactly one served unresolved item","duration":13.75499999999738,"failureMessages":[],"meta":{}},{"ancestorTitles":["Review session lifecycle contract"],"fullName":"Review session lifecycle contract requires explicit review mode on session start","status":"passed","title":"requires explicit review mode on session start","duration":12.171800000003714,"failureMessages":[],"meta":{}},{"ancestorTitles":["Review session lifecycle contract"],"fullName":"Review session lifecycle contract fails closed when unresolved item lacks valid canonical_id even if question_id is canonical-shaped","status":"passed","title":"fails closed when unresolved item lacks valid canonical_id even if question_id is canonical-shaped","duration":2.845000000001164,"failureMessages":[],"meta":{}},{"ancestorTitles":["Review session lifecycle contract"],"fullName":"Review session lifecycle contract state refresh returns same served item and option tokens","status":"passed","title":"state refresh returns same served item and option tokens","duration":4.534200000001874,"failureMessages":[],"meta":{}},{"ancestorTitles":["Review session lifecycle contract"],"fullName":"Review session lifecycle contract duplicate submit is idempotent per served item and does not double-write mastery","status":"passed","title":"duplicate submit is idempotent per served item and does not double-write mastery","duration":14.011500000000524,"failureMessages":[],"meta":{}},{"ancestorTitles":["Review session lifecycle contract"],"fullName":"Review session lifecycle contract skips mastery emission when review item difficulty bucket is invalid","status":"passed","title":"skips mastery emission when review item difficulty bucket is invalid","duration":7.931499999998778,"failureMessages":[],"meta":{}},{"ancestorTitles":["Review session lifecycle contract"],"fullName":"Review session lifecycle contract does not derive mastery difficulty from raw difficulty when bucket is missing","status":"passed","title":"does not derive mastery difficulty from raw difficulty when bucket is missing","duration":5.422100000003411,"failureMessages":[],"meta":{}},{"ancestorTitles":["Review session lifecycle contract"],"fullName":"Review session lifecycle contract fails closed when resolved item points to another student attempt_id","status":"passed","title":"fails closed when resolved item points to another student attempt_id","duration":2.6270000000004075,"failureMessages":[],"meta":{}},{"ancestorTitles":["Review session lifecycle contract"],"fullName":"Review session lifecycle contract rejects answer submit without opaque selected_option_id","status":"passed","title":"rejects answer submit without opaque selected_option_id","duration":1.8085999999966589,"failureMessages":[],"meta":{}},{"ancestorTitles":["Review session lifecycle contract"],"fullName":"Review session lifecycle contract fails closed when legacy free-response field is sent to mounted review submit","status":"passed","title":"fails closed when legacy free-response field is sent to mounted review submit","duration":1.3546999999962281,"failureMessages":[],"meta":{}},{"ancestorTitles":["Review session lifecycle contract"],"fullName":"Review session lifecycle contract denies non-owner answer submit to another student review session","status":"passed","title":"denies non-owner answer submit to another student review session","duration":1.6984000000011292,"failureMessages":[],"meta":{}},{"ancestorTitles":["Review session lifecycle contract"],"fullName":"Review session lifecycle contract fails closed when resolved item sees client_attempt_id bound to a different question","status":"passed","title":"fails closed when resolved item sees client_attempt_id bound to a different question","duration":1.4259999999994761,"failureMessages":[],"meta":{}},{"ancestorTitles":["Review session lifecycle contract"],"fullName":"Review session lifecycle contract denies non-owner access to another student session state","status":"passed","title":"denies non-owner access to another student session state","duration":1.927800000004936,"failureMessages":[],"meta":{}},{"ancestorTitles":["Review session lifecycle contract"],"fullName":"Review session lifecycle contract filters review session start by practice session when mode=by_practice_session","status":"passed","title":"filters review session start by practice session when mode=by_practice_session","duration":7.282299999998941,"failureMessages":[],"meta":{}},{"ancestorTitles":["Review session lifecycle contract"],"fullName":"Review session lifecycle contract filters review session start by full-length session when mode=by_full_length_session","status":"passed","title":"filters review session start by full-length session when mode=by_full_length_session","duration":4.57839999999851,"failureMessages":[],"meta":{}}],"startTime":1776571804923,"endTime":1776571805079.5784,"status":"passed","message":"","name":"C:/Users/14438/projects/Lyceonai/tests/review-session.lifecycle.contract.test.ts"},{"assertionResults":[{"ancestorTitles":["SEO canonicalization ownership"],"fullName":"SEO canonicalization ownership removes client JSON-LD and relies on SSR injection","status":"passed","title":"removes client JSON-LD and relies on SSR injection","duration":6.248599999998987,"failureMessages":[],"meta":{}},{"ancestorTitles":["SEO canonicalization ownership"],"fullName":"SEO canonicalization ownership routes SSR metadata through shared sources and server injection","status":"passed","title":"routes SSR metadata through shared sources and server injection","duration":5.466800000001967,"failureMessages":[],"meta":{}}],"startTime":1776571798835,"endTime":1776571798848.4668,"status":"passed","message":"","name":"C:/Users/14438/projects/Lyceonai/tests/seo.meta-canonicalization.test.ts"},{"assertionResults":[{"ancestorTitles":["SEO SSR coverage"],"fullName":"SEO SSR coverage covers all sitemap URLs with SSR metadata ownership","status":"passed","title":"covers all sitemap URLs with SSR metadata ownership","duration":11.439700000002631,"failureMessages":[],"meta":{}}],"startTime":1776571812780,"endTime":1776571812791.4397,"status":"passed","message":"","name":"C:/Users/14438/projects/Lyceonai/tests/seo.ssr-coverage.test.ts"},{"assertionResults":[{"ancestorTitles":["Tutor orchestrator client auth boundary"],"fullName":"Tutor orchestrator client auth boundary uses local unauth invocation by default","status":"passed","title":"uses local unauth invocation by default","duration":196.89370000000054,"failureMessages":[],"meta":{}},{"ancestorTitles":["Tutor orchestrator client auth boundary"],"fullName":"Tutor orchestrator client auth boundary uses gcp id-token auth when configured","status":"passed","title":"uses gcp id-token auth when configured","duration":11.467100000001665,"failureMessages":[],"meta":{}},{"ancestorTitles":["Tutor orchestrator client auth boundary"],"fullName":"Tutor orchestrator client auth boundary fails explicitly when id-token auth header cannot be acquired","status":"passed","title":"fails explicitly when id-token auth header cannot be acquired","duration":15.506000000001222,"failureMessages":[],"meta":{}},{"ancestorTitles":["Tutor orchestrator client auth boundary"],"fullName":"Tutor orchestrator client auth boundary fails explicitly for unsupported auth mode config","status":"passed","title":"fails explicitly for unsupported auth mode config","duration":5.781100000000151,"failureMessages":[],"meta":{}},{"ancestorTitles":["Tutor orchestrator client auth boundary"],"fullName":"Tutor orchestrator client auth boundary fails explicitly when orchestrator URL config is missing","status":"passed","title":"fails explicitly when orchestrator URL config is missing","duration":6.0266000000046915,"failureMessages":[],"meta":{}}],"startTime":1776571790234,"endTime":1776571790471.0266,"status":"passed","message":"","name":"C:/Users/14438/projects/Lyceonai/tests/tutor.orchestrator-client.test.ts"},{"assertionResults":[{"ancestorTitles":["Tutor orchestrator worker boundary auth"],"fullName":"Tutor orchestrator worker boundary auth allows local dev default mode when auth mode is unset","status":"passed","title":"allows local dev default mode when auth mode is unset","duration":237.03940000000148,"failureMessages":[],"meta":{}},{"ancestorTitles":["Tutor orchestrator worker boundary auth"],"fullName":"Tutor orchestrator worker boundary auth fails closed in production when auth mode is unset","status":"passed","title":"fails closed in production when auth mode is unset","duration":27.54370000000199,"failureMessages":[],"meta":{}},{"ancestorTitles":["Tutor orchestrator worker boundary auth"],"fullName":"Tutor orchestrator worker boundary auth rejects missing bearer token in require_bearer mode","status":"passed","title":"rejects missing bearer token in require_bearer mode","duration":29.348400000002584,"failureMessages":[],"meta":{}},{"ancestorTitles":["Tutor orchestrator worker boundary auth"],"fullName":"Tutor orchestrator worker boundary auth accepts bearer token in require_bearer mode and preserves route behavior","status":"passed","title":"accepts bearer token in require_bearer mode and preserves route behavior","duration":19.08430000000226,"failureMessages":[],"meta":{}},{"ancestorTitles":["Tutor orchestrator worker boundary auth"],"fullName":"Tutor orchestrator worker boundary auth rejects invalid token in shared_secret mode","status":"passed","title":"rejects invalid token in shared_secret mode","duration":19.194499999997788,"failureMessages":[],"meta":{}},{"ancestorTitles":["Tutor orchestrator worker boundary auth"],"fullName":"Tutor orchestrator worker boundary auth accepts valid token in shared_secret mode and keeps response contract","status":"passed","title":"accepts valid token in shared_secret mode and keeps response contract","duration":26.104200000001583,"failureMessages":[],"meta":{}},{"ancestorTitles":["Tutor orchestrator worker boundary auth"],"fullName":"Tutor orchestrator worker boundary auth applies boundary auth to compact route and allows authorized requests","status":"passed","title":"applies boundary auth to compact route and allows authorized requests","duration":38.629000000000815,"failureMessages":[],"meta":{}}],"startTime":1776571791671,"endTime":1776571792070.629,"status":"passed","message":"","name":"C:/Users/14438/projects/Lyceonai/tests/tutor.orchestrator.boundary-auth.test.ts"},{"assertionResults":[{"ancestorTitles":["Tutor orchestrate route"],"fullName":"Tutor orchestrate route maps timeout errors to safe timeout failure","status":"passed","title":"maps timeout errors to safe timeout failure","duration":165.77270000000135,"failureMessages":[],"meta":{}},{"ancestorTitles":["Tutor orchestrate route"],"fullName":"Tutor orchestrate route maps invalid model output failures to safe upstream failure","status":"passed","title":"maps invalid model output failures to safe upstream failure","duration":18.0454000000027,"failureMessages":[],"meta":{}}],"startTime":1776571802878,"endTime":1776571803062.0454,"status":"passed","message":"","name":"C:/Users/14438/projects/Lyceonai/tests/tutor.orchestrator.route.test.ts"},{"assertionResults":[{"ancestorTitles":["Tutor orchestrator vertex output hardening"],"fullName":"Tutor orchestrator vertex output hardening parses valid JSON and uses deterministic structured generation config","status":"failed","title":"parses valid JSON and uses deterministic structured generation config","duration":155.46569999999974,"failureMessages":["Error: Cannot find package '@google-cloud/vertexai' imported from 'C:/Users/14438/projects/Lyceonai/apps/workers/tutor-orchestrator/src/lib/vertex.ts'\n    at reviveInvokeError (file:///C:/Users/14438/projects/Lyceonai/node_modules/.pnpm/vite@7.3.1_@types+node@24.10.8_jiti@1.21.7_tsx@4.21.0/node_modules/vite/dist/node/module-runner.js:475:14)\n    at Object.invoke (file:///C:/Users/14438/projects/Lyceonai/node_modules/.pnpm/vite@7.3.1_@types+node@24.10.8_jiti@1.21.7_tsx@4.21.0/node_modules/vite/dist/node/module-runner.js:491:33)\n    at VitestModuleRunner.getModuleInformation (file:///C:/Users/14438/projects/Lyceonai/node_modules/.pnpm/vite@7.3.1_@types+node@24.10.8_jiti@1.21.7_tsx@4.21.0/node_modules/vite/dist/node/module-runner.js:1086:7)\n    at request (file:///C:/Users/14438/projects/Lyceonai/node_modules/.pnpm/vite@7.3.1_@types+node@24.10.8_jiti@1.21.7_tsx@4.21.0/node_modules/vite/dist/node/module-runner.js:1103:83)\n    at C:/Users/14438/projects/Lyceonai/apps/workers/tutor-orchestrator/src/lib/vertex.ts:1:1\n    at VitestModuleEvaluator._runInlinedModule (file:///C:/Users/14438/projects/Lyceonai/node_modules/.pnpm/vitest@4.0.17_@types+node@2_10b469a69648c0fe168142dd97427a7f/node_modules/vitest/dist/module-evaluator.js:197:4)\n    at VitestModuleRunner.directRequest (file:///C:/Users/14438/projects/Lyceonai/node_modules/.pnpm/vite@7.3.1_@types+node@24.10.8_jiti@1.21.7_tsx@4.21.0/node_modules/vite/dist/node/module-runner.js:1146:59)\n    at VitestModuleRunner.cachedRequest (file:///C:/Users/14438/projects/Lyceonai/node_modules/.pnpm/vite@7.3.1_@types+node@24.10.8_jiti@1.21.7_tsx@4.21.0/node_modules/vite/dist/node/module-runner.js:1053:73)\n    at C:/Users/14438/projects/Lyceonai/tests/tutor.orchestrator.vertex-output.test.ts:72:17","TypeError: setGenerateContentForTests is not a function\n    at C:/Users/14438/projects/Lyceonai/tests/tutor.orchestrator.vertex-output.test.ts:79:5\n    at file:///C:/Users/14438/projects/Lyceonai/node_modules/.pnpm/@vitest+runner@4.0.17/node_modules/@vitest/runner/dist/index.js:145:11\n    at file:///C:/Users/14438/projects/Lyceonai/node_modules/.pnpm/@vitest+runner@4.0.17/node_modules/@vitest/runner/dist/index.js:1243:20\n    at new Promise (<anonymous>)\n    at runWithTimeout (file:///C:/Users/14438/projects/Lyceonai/node_modules/.pnpm/@vitest+runner@4.0.17/node_modules/@vitest/runner/dist/index.js:1209:10)\n    at runHook (file:///C:/Users/14438/projects/Lyceonai/node_modules/.pnpm/@vitest+runner@4.0.17/node_modules/@vitest/runner/dist/index.js:1514:51)\n    at callSuiteHook (file:///C:/Users/14438/projects/Lyceonai/node_modules/.pnpm/@vitest+runner@4.0.17/node_modules/@vitest/runner/dist/index.js:1520:25)\n    at file:///C:/Users/14438/projects/Lyceonai/node_modules/.pnpm/@vitest+runner@4.0.17/node_modules/@vitest/runner/dist/index.js:1676:37\n    at Traces.$ (file:///C:/Users/14438/projects/Lyceonai/node_modules/.pnpm/vitest@4.0.17_@types+node@2_10b469a69648c0fe168142dd97427a7f/node_modules/vitest/dist/chunks/traces.CCmnQaNT.js:142:27)\n    at trace (file:///C:/Users/14438/projects/Lyceonai/node_modules/.pnpm/vitest@4.0.17_@types+node@2_10b469a69648c0fe168142dd97427a7f/node_modules/vitest/dist/chunks/test.B8ej_ZHS.js:239:21)"],"meta":{}},{"ancestorTitles":["Tutor orchestrator vertex output hardening"],"fullName":"Tutor orchestrator vertex output hardening fails safely on truncated JSON output","status":"failed","title":"fails safely on truncated JSON output","duration":6.321799999999712,"failureMessages":["Error: Cannot find package '@google-cloud/vertexai' imported from 'C:/Users/14438/projects/Lyceonai/apps/workers/tutor-orchestrator/src/lib/vertex.ts'\n    at reviveInvokeError (file:///C:/Users/14438/projects/Lyceonai/node_modules/.pnpm/vite@7.3.1_@types+node@24.10.8_jiti@1.21.7_tsx@4.21.0/node_modules/vite/dist/node/module-runner.js:475:14)\n    at Object.invoke (file:///C:/Users/14438/projects/Lyceonai/node_modules/.pnpm/vite@7.3.1_@types+node@24.10.8_jiti@1.21.7_tsx@4.21.0/node_modules/vite/dist/node/module-runner.js:491:33)\n    at VitestModuleRunner.getModuleInformation (file:///C:/Users/14438/projects/Lyceonai/node_modules/.pnpm/vite@7.3.1_@types+node@24.10.8_jiti@1.21.7_tsx@4.21.0/node_modules/vite/dist/node/module-runner.js:1086:7)\n    at request (file:///C:/Users/14438/projects/Lyceonai/node_modules/.pnpm/vite@7.3.1_@types+node@24.10.8_jiti@1.21.7_tsx@4.21.0/node_modules/vite/dist/node/module-runner.js:1103:83)\n    at C:/Users/14438/projects/Lyceonai/apps/workers/tutor-orchestrator/src/lib/vertex.ts:1:1\n    at VitestModuleEvaluator._runInlinedModule (file:///C:/Users/14438/projects/Lyceonai/node_modules/.pnpm/vitest@4.0.17_@types+node@2_10b469a69648c0fe168142dd97427a7f/node_modules/vitest/dist/module-evaluator.js:197:4)\n    at VitestModuleRunner.directRequest (file:///C:/Users/14438/projects/Lyceonai/node_modules/.pnpm/vite@7.3.1_@types+node@24.10.8_jiti@1.21.7_tsx@4.21.0/node_modules/vite/dist/node/module-runner.js:1146:59)\n    at VitestModuleRunner.cachedRequest (file:///C:/Users/14438/projects/Lyceonai/node_modules/.pnpm/vite@7.3.1_@types+node@24.10.8_jiti@1.21.7_tsx@4.21.0/node_modules/vite/dist/node/module-runner.js:1053:73)\n    at C:/Users/14438/projects/Lyceonai/tests/tutor.orchestrator.vertex-output.test.ts:72:17","TypeError: setGenerateContentForTests is not a function\n    at C:/Users/14438/projects/Lyceonai/tests/tutor.orchestrator.vertex-output.test.ts:79:5\n    at file:///C:/Users/14438/projects/Lyceonai/node_modules/.pnpm/@vitest+runner@4.0.17/node_modules/@vitest/runner/dist/index.js:145:11\n    at file:///C:/Users/14438/projects/Lyceonai/node_modules/.pnpm/@vitest+runner@4.0.17/node_modules/@vitest/runner/dist/index.js:1243:20\n    at new Promise (<anonymous>)\n    at runWithTimeout (file:///C:/Users/14438/projects/Lyceonai/node_modules/.pnpm/@vitest+runner@4.0.17/node_modules/@vitest/runner/dist/index.js:1209:10)\n    at runHook (file:///C:/Users/14438/projects/Lyceonai/node_modules/.pnpm/@vitest+runner@4.0.17/node_modules/@vitest/runner/dist/index.js:1514:51)\n    at callSuiteHook (file:///C:/Users/14438/projects/Lyceonai/node_modules/.pnpm/@vitest+runner@4.0.17/node_modules/@vitest/runner/dist/index.js:1520:25)\n    at file:///C:/Users/14438/projects/Lyceonai/node_modules/.pnpm/@vitest+runner@4.0.17/node_modules/@vitest/runner/dist/index.js:1676:37\n    at Traces.$ (file:///C:/Users/14438/projects/Lyceonai/node_modules/.pnpm/vitest@4.0.17_@types+node@2_10b469a69648c0fe168142dd97427a7f/node_modules/vitest/dist/chunks/traces.CCmnQaNT.js:142:27)\n    at trace (file:///C:/Users/14438/projects/Lyceonai/node_modules/.pnpm/vitest@4.0.17_@types+node@2_10b469a69648c0fe168142dd97427a7f/node_modules/vitest/dist/chunks/test.B8ej_ZHS.js:239:21)"],"meta":{}},{"ancestorTitles":["Tutor orchestrator vertex output hardening"],"fullName":"Tutor orchestrator vertex output hardening fails safely on non-JSON output","status":"failed","title":"fails safely on non-JSON output","duration":2.4290000000000873,"failureMessages":["Error: Cannot find package '@google-cloud/vertexai' imported from 'C:/Users/14438/projects/Lyceonai/apps/workers/tutor-orchestrator/src/lib/vertex.ts'\n    at reviveInvokeError (file:///C:/Users/14438/projects/Lyceonai/node_modules/.pnpm/vite@7.3.1_@types+node@24.10.8_jiti@1.21.7_tsx@4.21.0/node_modules/vite/dist/node/module-runner.js:475:14)\n    at Object.invoke (file:///C:/Users/14438/projects/Lyceonai/node_modules/.pnpm/vite@7.3.1_@types+node@24.10.8_jiti@1.21.7_tsx@4.21.0/node_modules/vite/dist/node/module-runner.js:491:33)\n    at VitestModuleRunner.getModuleInformation (file:///C:/Users/14438/projects/Lyceonai/node_modules/.pnpm/vite@7.3.1_@types+node@24.10.8_jiti@1.21.7_tsx@4.21.0/node_modules/vite/dist/node/module-runner.js:1086:7)\n    at request (file:///C:/Users/14438/projects/Lyceonai/node_modules/.pnpm/vite@7.3.1_@types+node@24.10.8_jiti@1.21.7_tsx@4.21.0/node_modules/vite/dist/node/module-runner.js:1103:83)\n    at C:/Users/14438/projects/Lyceonai/apps/workers/tutor-orchestrator/src/lib/vertex.ts:1:1\n    at VitestModuleEvaluator._runInlinedModule (file:///C:/Users/14438/projects/Lyceonai/node_modules/.pnpm/vitest@4.0.17_@types+node@2_10b469a69648c0fe168142dd97427a7f/node_modules/vitest/dist/module-evaluator.js:197:4)\n    at VitestModuleRunner.directRequest (file:///C:/Users/14438/projects/Lyceonai/node_modules/.pnpm/vite@7.3.1_@types+node@24.10.8_jiti@1.21.7_tsx@4.21.0/node_modules/vite/dist/node/module-runner.js:1146:59)\n    at VitestModuleRunner.cachedRequest (file:///C:/Users/14438/projects/Lyceonai/node_modules/.pnpm/vite@7.3.1_@types+node@24.10.8_jiti@1.21.7_tsx@4.21.0/node_modules/vite/dist/node/module-runner.js:1053:73)\n    at C:/Users/14438/projects/Lyceonai/tests/tutor.orchestrator.vertex-output.test.ts:72:17","TypeError: setGenerateContentForTests is not a function\n    at C:/Users/14438/projects/Lyceonai/tests/tutor.orchestrator.vertex-output.test.ts:79:5\n    at file:///C:/Users/14438/projects/Lyceonai/node_modules/.pnpm/@vitest+runner@4.0.17/node_modules/@vitest/runner/dist/index.js:145:11\n    at file:///C:/Users/14438/projects/Lyceonai/node_modules/.pnpm/@vitest+runner@4.0.17/node_modules/@vitest/runner/dist/index.js:1243:20\n    at new Promise (<anonymous>)\n    at runWithTimeout (file:///C:/Users/14438/projects/Lyceonai/node_modules/.pnpm/@vitest+runner@4.0.17/node_modules/@vitest/runner/dist/index.js:1209:10)\n    at runHook (file:///C:/Users/14438/projects/Lyceonai/node_modules/.pnpm/@vitest+runner@4.0.17/node_modules/@vitest/runner/dist/index.js:1514:51)\n    at callSuiteHook (file:///C:/Users/14438/projects/Lyceonai/node_modules/.pnpm/@vitest+runner@4.0.17/node_modules/@vitest/runner/dist/index.js:1520:25)\n    at file:///C:/Users/14438/projects/Lyceonai/node_modules/.pnpm/@vitest+runner@4.0.17/node_modules/@vitest/runner/dist/index.js:1676:37\n    at Traces.$ (file:///C:/Users/14438/projects/Lyceonai/node_modules/.pnpm/vitest@4.0.17_@types+node@2_10b469a69648c0fe168142dd97427a7f/node_modules/vitest/dist/chunks/traces.CCmnQaNT.js:142:27)\n    at trace (file:///C:/Users/14438/projects/Lyceonai/node_modules/.pnpm/vitest@4.0.17_@types+node@2_10b469a69648c0fe168142dd97427a7f/node_modules/vitest/dist/chunks/test.B8ej_ZHS.js:239:21)"],"meta":{}},{"ancestorTitles":["Tutor orchestrator vertex output hardening"],"fullName":"Tutor orchestrator vertex output hardening fails safely on malformed JSON output","status":"failed","title":"fails safely on malformed JSON output","duration":1.4934000000002925,"failureMessages":["Error: Cannot find package '@google-cloud/vertexai' imported from 'C:/Users/14438/projects/Lyceonai/apps/workers/tutor-orchestrator/src/lib/vertex.ts'\n    at reviveInvokeError (file:///C:/Users/14438/projects/Lyceonai/node_modules/.pnpm/vite@7.3.1_@types+node@24.10.8_jiti@1.21.7_tsx@4.21.0/node_modules/vite/dist/node/module-runner.js:475:14)\n    at Object.invoke (file:///C:/Users/14438/projects/Lyceonai/node_modules/.pnpm/vite@7.3.1_@types+node@24.10.8_jiti@1.21.7_tsx@4.21.0/node_modules/vite/dist/node/module-runner.js:491:33)\n    at VitestModuleRunner.getModuleInformation (file:///C:/Users/14438/projects/Lyceonai/node_modules/.pnpm/vite@7.3.1_@types+node@24.10.8_jiti@1.21.7_tsx@4.21.0/node_modules/vite/dist/node/module-runner.js:1086:7)\n    at request (file:///C:/Users/14438/projects/Lyceonai/node_modules/.pnpm/vite@7.3.1_@types+node@24.10.8_jiti@1.21.7_tsx@4.21.0/node_modules/vite/dist/node/module-runner.js:1103:83)\n    at C:/Users/14438/projects/Lyceonai/apps/workers/tutor-orchestrator/src/lib/vertex.ts:1:1\n    at VitestModuleEvaluator._runInlinedModule (file:///C:/Users/14438/projects/Lyceonai/node_modules/.pnpm/vitest@4.0.17_@types+node@2_10b469a69648c0fe168142dd97427a7f/node_modules/vitest/dist/module-evaluator.js:197:4)\n    at VitestModuleRunner.directRequest (file:///C:/Users/14438/projects/Lyceonai/node_modules/.pnpm/vite@7.3.1_@types+node@24.10.8_jiti@1.21.7_tsx@4.21.0/node_modules/vite/dist/node/module-runner.js:1146:59)\n    at VitestModuleRunner.cachedRequest (file:///C:/Users/14438/projects/Lyceonai/node_modules/.pnpm/vite@7.3.1_@types+node@24.10.8_jiti@1.21.7_tsx@4.21.0/node_modules/vite/dist/node/module-runner.js:1053:73)\n    at C:/Users/14438/projects/Lyceonai/tests/tutor.orchestrator.vertex-output.test.ts:72:17","TypeError: setGenerateContentForTests is not a function\n    at C:/Users/14438/projects/Lyceonai/tests/tutor.orchestrator.vertex-output.test.ts:79:5\n    at file:///C:/Users/14438/projects/Lyceonai/node_modules/.pnpm/@vitest+runner@4.0.17/node_modules/@vitest/runner/dist/index.js:145:11\n    at file:///C:/Users/14438/projects/Lyceonai/node_modules/.pnpm/@vitest+runner@4.0.17/node_modules/@vitest/runner/dist/index.js:1243:20\n    at new Promise (<anonymous>)\n    at runWithTimeout (file:///C:/Users/14438/projects/Lyceonai/node_modules/.pnpm/@vitest+runner@4.0.17/node_modules/@vitest/runner/dist/index.js:1209:10)\n    at runHook (file:///C:/Users/14438/projects/Lyceonai/node_modules/.pnpm/@vitest+runner@4.0.17/node_modules/@vitest/runner/dist/index.js:1514:51)\n    at callSuiteHook (file:///C:/Users/14438/projects/Lyceonai/node_modules/.pnpm/@vitest+runner@4.0.17/node_modules/@vitest/runner/dist/index.js:1520:25)\n    at file:///C:/Users/14438/projects/Lyceonai/node_modules/.pnpm/@vitest+runner@4.0.17/node_modules/@vitest/runner/dist/index.js:1676:37\n    at Traces.$ (file:///C:/Users/14438/projects/Lyceonai/node_modules/.pnpm/vitest@4.0.17_@types+node@2_10b469a69648c0fe168142dd97427a7f/node_modules/vitest/dist/chunks/traces.CCmnQaNT.js:142:27)\n    at trace (file:///C:/Users/14438/projects/Lyceonai/node_modules/.pnpm/vitest@4.0.17_@types+node@2_10b469a69648c0fe168142dd97427a7f/node_modules/vitest/dist/chunks/test.B8ej_ZHS.js:239:21)"],"meta":{}},{"ancestorTitles":["Tutor orchestrator vertex output hardening"],"fullName":"Tutor orchestrator vertex output hardening fails safely on schema mismatch output","status":"failed","title":"fails safely on schema mismatch output","duration":2.047500000000582,"failureMessages":["Error: Cannot find package '@google-cloud/vertexai' imported from 'C:/Users/14438/projects/Lyceonai/apps/workers/tutor-orchestrator/src/lib/vertex.ts'\n    at reviveInvokeError (file:///C:/Users/14438/projects/Lyceonai/node_modules/.pnpm/vite@7.3.1_@types+node@24.10.8_jiti@1.21.7_tsx@4.21.0/node_modules/vite/dist/node/module-runner.js:475:14)\n    at Object.invoke (file:///C:/Users/14438/projects/Lyceonai/node_modules/.pnpm/vite@7.3.1_@types+node@24.10.8_jiti@1.21.7_tsx@4.21.0/node_modules/vite/dist/node/module-runner.js:491:33)\n    at VitestModuleRunner.getModuleInformation (file:///C:/Users/14438/projects/Lyceonai/node_modules/.pnpm/vite@7.3.1_@types+node@24.10.8_jiti@1.21.7_tsx@4.21.0/node_modules/vite/dist/node/module-runner.js:1086:7)\n    at request (file:///C:/Users/14438/projects/Lyceonai/node_modules/.pnpm/vite@7.3.1_@types+node@24.10.8_jiti@1.21.7_tsx@4.21.0/node_modules/vite/dist/node/module-runner.js:1103:83)\n    at C:/Users/14438/projects/Lyceonai/apps/workers/tutor-orchestrator/src/lib/vertex.ts:1:1\n    at VitestModuleEvaluator._runInlinedModule (file:///C:/Users/14438/projects/Lyceonai/node_modules/.pnpm/vitest@4.0.17_@types+node@2_10b469a69648c0fe168142dd97427a7f/node_modules/vitest/dist/module-evaluator.js:197:4)\n    at VitestModuleRunner.directRequest (file:///C:/Users/14438/projects/Lyceonai/node_modules/.pnpm/vite@7.3.1_@types+node@24.10.8_jiti@1.21.7_tsx@4.21.0/node_modules/vite/dist/node/module-runner.js:1146:59)\n    at VitestModuleRunner.cachedRequest (file:///C:/Users/14438/projects/Lyceonai/node_modules/.pnpm/vite@7.3.1_@types+node@24.10.8_jiti@1.21.7_tsx@4.21.0/node_modules/vite/dist/node/module-runner.js:1053:73)\n    at C:/Users/14438/projects/Lyceonai/tests/tutor.orchestrator.vertex-output.test.ts:72:17","TypeError: setGenerateContentForTests is not a function\n    at C:/Users/14438/projects/Lyceonai/tests/tutor.orchestrator.vertex-output.test.ts:79:5\n    at file:///C:/Users/14438/projects/Lyceonai/node_modules/.pnpm/@vitest+runner@4.0.17/node_modules/@vitest/runner/dist/index.js:145:11\n    at file:///C:/Users/14438/projects/Lyceonai/node_modules/.pnpm/@vitest+runner@4.0.17/node_modules/@vitest/runner/dist/index.js:1243:20\n    at new Promise (<anonymous>)\n    at runWithTimeout (file:///C:/Users/14438/projects/Lyceonai/node_modules/.pnpm/@vitest+runner@4.0.17/node_modules/@vitest/runner/dist/index.js:1209:10)\n    at runHook (file:///C:/Users/14438/projects/Lyceonai/node_modules/.pnpm/@vitest+runner@4.0.17/node_modules/@vitest/runner/dist/index.js:1514:51)\n    at callSuiteHook (file:///C:/Users/14438/projects/Lyceonai/node_modules/.pnpm/@vitest+runner@4.0.17/node_modules/@vitest/runner/dist/index.js:1520:25)\n    at file:///C:/Users/14438/projects/Lyceonai/node_modules/.pnpm/@vitest+runner@4.0.17/node_modules/@vitest/runner/dist/index.js:1676:37\n    at Traces.$ (file:///C:/Users/14438/projects/Lyceonai/node_modules/.pnpm/vitest@4.0.17_@types+node@2_10b469a69648c0fe168142dd97427a7f/node_modules/vitest/dist/chunks/traces.CCmnQaNT.js:142:27)\n    at trace (file:///C:/Users/14438/projects/Lyceonai/node_modules/.pnpm/vitest@4.0.17_@types+node@2_10b469a69648c0fe168142dd97427a7f/node_modules/vitest/dist/chunks/test.B8ej_ZHS.js:239:21)"],"meta":{}}],"startTime":1776571754228,"endTime":1776571754396.0476,"status":"failed","message":"","name":"C:/Users/14438/projects/Lyceonai/tests/tutor.orchestrator.vertex-output.test.ts"},{"assertionResults":[{"ancestorTitles":["Tutor orchestrator vertex timeout"],"fullName":"Tutor orchestrator vertex timeout enforces runtime_limits.timeout_ms","status":"failed","title":"enforces runtime_limits.timeout_ms","duration":524.8567000000003,"failureMessages":["Error: Cannot find package '@google-cloud/vertexai' imported from 'C:/Users/14438/projects/Lyceonai/apps/workers/tutor-orchestrator/src/lib/vertex.ts'\n    at reviveInvokeError (file:///C:/Users/14438/projects/Lyceonai/node_modules/.pnpm/vite@7.3.1_@types+node@24.10.8_jiti@1.21.7_tsx@4.21.0/node_modules/vite/dist/node/module-runner.js:475:14)\n    at Object.invoke (file:///C:/Users/14438/projects/Lyceonai/node_modules/.pnpm/vite@7.3.1_@types+node@24.10.8_jiti@1.21.7_tsx@4.21.0/node_modules/vite/dist/node/module-runner.js:491:33)\n    at VitestModuleRunner.getModuleInformation (file:///C:/Users/14438/projects/Lyceonai/node_modules/.pnpm/vite@7.3.1_@types+node@24.10.8_jiti@1.21.7_tsx@4.21.0/node_modules/vite/dist/node/module-runner.js:1086:7)\n    at request (file:///C:/Users/14438/projects/Lyceonai/node_modules/.pnpm/vite@7.3.1_@types+node@24.10.8_jiti@1.21.7_tsx@4.21.0/node_modules/vite/dist/node/module-runner.js:1103:83)\n    at C:/Users/14438/projects/Lyceonai/apps/workers/tutor-orchestrator/src/lib/vertex.ts:1:1\n    at VitestModuleEvaluator._runInlinedModule (file:///C:/Users/14438/projects/Lyceonai/node_modules/.pnpm/vitest@4.0.17_@types+node@2_10b469a69648c0fe168142dd97427a7f/node_modules/vitest/dist/module-evaluator.js:197:4)\n    at VitestModuleRunner.directRequest (file:///C:/Users/14438/projects/Lyceonai/node_modules/.pnpm/vite@7.3.1_@types+node@24.10.8_jiti@1.21.7_tsx@4.21.0/node_modules/vite/dist/node/module-runner.js:1146:59)\n    at VitestModuleRunner.cachedRequest (file:///C:/Users/14438/projects/Lyceonai/node_modules/.pnpm/vite@7.3.1_@types+node@24.10.8_jiti@1.21.7_tsx@4.21.0/node_modules/vite/dist/node/module-runner.js:1053:73)\n    at C:/Users/14438/projects/Lyceonai/tests/tutor.orchestrator.vertex-timeout.test.ts:40:93\n    at file:///C:/Users/14438/projects/Lyceonai/node_modules/.pnpm/@vitest+runner@4.0.17/node_modules/@vitest/runner/dist/index.js:915:20"],"meta":{}}],"startTime":1776571753848,"endTime":1776571754372.8567,"status":"failed","message":"","name":"C:/Users/14438/projects/Lyceonai/tests/tutor.orchestrator.vertex-timeout.test.ts"},{"assertionResults":[{"ancestorTitles":["Tutor Runtime Contract Cutover"],"fullName":"Tutor Runtime Contract Cutover creates a conversation and appends a turn through canonical endpoints","status":"passed","title":"creates a conversation and appends a turn through canonical endpoints","duration":7711.8876,"failureMessages":[],"meta":{}},{"ancestorTitles":["Tutor Runtime Contract Cutover"],"fullName":"Tutor Runtime Contract Cutover denies guardians from tutor boundaries","status":"passed","title":"denies guardians from tutor boundaries","duration":163.78759999999966,"failureMessages":[],"meta":{}},{"ancestorTitles":["Tutor Runtime Contract Cutover"],"fullName":"Tutor Runtime Contract Cutover blocks append turn when entitlement is lost mid-conversation","status":"passed","title":"blocks append turn when entitlement is lost mid-conversation","duration":256.6702000000005,"failureMessages":[],"meta":{}},{"ancestorTitles":["Tutor Runtime Contract Cutover"],"fullName":"Tutor Runtime Contract Cutover enforces stored scope precedence over conflicting client scope","status":"passed","title":"enforces stored scope precedence over conflicting client scope","duration":152.78050000000076,"failureMessages":[],"meta":{}},{"ancestorTitles":["Tutor Runtime Contract Cutover"],"fullName":"Tutor Runtime Contract Cutover reuses recent valid conversation scope when stored scoped question becomes stale","status":"passed","title":"reuses recent valid conversation scope when stored scoped question becomes stale","duration":330.90330000000176,"failureMessages":[],"meta":{}},{"ancestorTitles":["Tutor Runtime Contract Cutover"],"fullName":"Tutor Runtime Contract Cutover degrades stale scoped question to scoped_session when session remains valid","status":"passed","title":"degrades stale scoped question to scoped_session when session remains valid","duration":138.97459999999774,"failureMessages":[],"meta":{}},{"ancestorTitles":["Tutor Runtime Contract Cutover"],"fullName":"Tutor Runtime Contract Cutover degrades stale scoped references to general when no valid scoped session exists (no fail-open)","status":"passed","title":"degrades stale scoped references to general when no valid scoped session exists (no fail-open)","duration":212.4349000000002,"failureMessages":[],"meta":{}},{"ancestorTitles":["Tutor Runtime Contract Cutover"],"fullName":"Tutor Runtime Contract Cutover is idempotent on duplicate client_turn_id and does not duplicate student rows","status":"passed","title":"is idempotent on duplicate client_turn_id and does not duplicate student rows","duration":176.82200000000012,"failureMessages":[],"meta":{}},{"ancestorTitles":["Tutor Runtime Contract Cutover"],"fullName":"Tutor Runtime Contract Cutover replay uses stored suggested_action and ui_hints from persisted tutor content_json","status":"passed","title":"replay uses stored suggested_action and ui_hints from persisted tutor content_json","duration":220.9464999999982,"failureMessages":[],"meta":{}},{"ancestorTitles":["Tutor Runtime Contract Cutover"],"fullName":"Tutor Runtime Contract Cutover returns recoverable retry when question link persistence fails, then replay-heals without re-orchestrating","status":"passed","title":"returns recoverable retry when question link persistence fails, then replay-heals without re-orchestrating","duration":191.41279999999824,"failureMessages":[],"meta":{}},{"ancestorTitles":["Tutor Runtime Contract Cutover"],"fullName":"Tutor Runtime Contract Cutover returns recoverable retry when instruction exposure persistence fails, then replay-heals without re-orchestrating","status":"passed","title":"returns recoverable retry when instruction exposure persistence fails, then replay-heals without re-orchestrating","duration":218.3299999999981,"failureMessages":[],"meta":{}},{"ancestorTitles":["Tutor Runtime Contract Cutover"],"fullName":"Tutor Runtime Contract Cutover returns recoverable retry when replayed tutor content_json is missing stored ui helpers","status":"passed","title":"returns recoverable retry when replayed tutor content_json is missing stored ui helpers","duration":134.74660000000222,"failureMessages":[],"meta":{}},{"ancestorTitles":["Tutor Runtime Contract Cutover"],"fullName":"Tutor Runtime Contract Cutover passes compatible memory summaries through to orchestrator unchanged","status":"passed","title":"passes compatible memory summaries through to orchestrator unchanged","duration":215.58680000000095,"failureMessages":[],"meta":{}},{"ancestorTitles":["Tutor Runtime Contract Cutover"],"fullName":"Tutor Runtime Contract Cutover filters incompatible memory summaries and only reduces memory context for the turn","status":"passed","title":"filters incompatible memory summaries and only reduces memory context for the turn","duration":192.5102999999981,"failureMessages":[],"meta":{}},{"ancestorTitles":["Tutor Runtime Contract Cutover"],"fullName":"Tutor Runtime Contract Cutover continues safely with empty memory summaries when all stored rows are incompatible","status":"passed","title":"continues safely with empty memory summaries when all stored rows are incompatible","duration":128.8830999999991,"failureMessages":[],"meta":{}},{"ancestorTitles":["Tutor Runtime Contract Cutover"],"fullName":"Tutor Runtime Contract Cutover returns explicit recoverable failure shape when blocking assignment write fails","status":"passed","title":"returns explicit recoverable failure shape when blocking assignment write fails","duration":182.18509999999878,"failureMessages":[],"meta":{}},{"ancestorTitles":["Tutor Runtime Contract Cutover"],"fullName":"Tutor Runtime Contract Cutover returns recoverable retry when orchestrator call throws","status":"passed","title":"returns recoverable retry when orchestrator call throws","duration":125.28580000000147,"failureMessages":[],"meta":{}},{"ancestorTitles":["Tutor Runtime Contract Cutover"],"fullName":"Tutor Runtime Contract Cutover returns recoverable retry when orchestrator response shape is invalid","status":"passed","title":"returns recoverable retry when orchestrator response shape is invalid","duration":117.88739999999962,"failureMessages":[],"meta":{}},{"ancestorTitles":["Tutor Runtime Contract Cutover"],"fullName":"Tutor Runtime Contract Cutover blocks anti-leak answer reveal in pre-submit practice for 'The correct answer is A.'","status":"passed","title":"blocks anti-leak answer reveal in pre-submit practice for 'The correct answer is A.'","duration":220.8813999999984,"failureMessages":[],"meta":{}},{"ancestorTitles":["Tutor Runtime Contract Cutover"],"fullName":"Tutor Runtime Contract Cutover blocks anti-leak answer reveal in pre-submit practice for 'Choose option C.'","status":"passed","title":"blocks anti-leak answer reveal in pre-submit practice for 'Choose option C.'","duration":162.08889999999883,"failureMessages":[],"meta":{}},{"ancestorTitles":["Tutor Runtime Contract Cutover"],"fullName":"Tutor Runtime Contract Cutover blocks anti-leak answer reveal in pre-submit practice for 'Option B is correct.'","status":"passed","title":"blocks anti-leak answer reveal in pre-submit practice for 'Option B is correct.'","duration":149.4987000000001,"failureMessages":[],"meta":{}},{"ancestorTitles":["Tutor Runtime Contract Cutover"],"fullName":"Tutor Runtime Contract Cutover blocks anti-leak answer reveal in pre-submit practice for 'Eliminate all but option D.'","status":"passed","title":"blocks anti-leak answer reveal in pre-submit practice for 'Eliminate all but option D.'","duration":166.25309999999808,"failureMessages":[],"meta":{}},{"ancestorTitles":["Tutor Runtime Contract Cutover"],"fullName":"Tutor Runtime Contract Cutover allows direct-answer explanation content after submit in practice","status":"passed","title":"allows direct-answer explanation content after submit in practice","duration":147.59259999999995,"failureMessages":[],"meta":{}},{"ancestorTitles":["Tutor Runtime Contract Cutover"],"fullName":"Tutor Runtime Contract Cutover keeps non-answer instructional hints allowed in pre-submit practice","status":"passed","title":"keeps non-answer instructional hints allowed in pre-submit practice","duration":160.09579999999914,"failureMessages":[],"meta":{}},{"ancestorTitles":["Tutor Runtime Contract Cutover"],"fullName":"Tutor Runtime Contract Cutover blocks tutor while a full-length exam is live","status":"passed","title":"blocks tutor while a full-length exam is live","duration":153.84029999999984,"failureMessages":[],"meta":{}},{"ancestorTitles":["Tutor Runtime Contract Cutover"],"fullName":"Tutor Runtime Contract Cutover reuses most recently updated eligible active conversation","status":"passed","title":"reuses most recently updated eligible active conversation","duration":88.41609999999855,"failureMessages":[],"meta":{}},{"ancestorTitles":["Tutor Runtime Contract Cutover"],"fullName":"Tutor Runtime Contract Cutover persists similar-question links with row+canonical ids and difficulty delta","status":"passed","title":"persists similar-question links with row+canonical ids and difficulty delta","duration":138.78789999999935,"failureMessages":[],"meta":{}}],"startTime":1776571757372,"endTime":1776571769638.7878,"status":"passed","message":"","name":"C:/Users/14438/projects/Lyceonai/tests/tutor.runtime.contract.test.ts"},{"assertionResults":[{"ancestorTitles":["Tutor Route Regression"],"fullName":"Tutor Route Regression hard-cutover removes /api/tutor/v2 mount","status":"passed","title":"hard-cutover removes /api/tutor/v2 mount","duration":193.6669000000038,"failureMessages":[],"meta":{}},{"ancestorTitles":["Tutor Route Regression"],"fullName":"Tutor Route Regression canonical append endpoint exists and remains auth-first","status":"passed","title":"canonical append endpoint exists and remains auth-first","duration":47.663800000002084,"failureMessages":[],"meta":{}}],"startTime":1776571806544,"endTime":1776571806785.6638,"status":"passed","message":"","name":"C:/Users/14438/projects/Lyceonai/tests/tutor.v2.regression.test.ts"},{"assertionResults":[{"ancestorTitles":["Tutor Runtime Security"],"fullName":"Tutor Runtime Security rejects unauthenticated append-turn requests","status":"passed","title":"rejects unauthenticated append-turn requests","duration":216.5396000000037,"failureMessages":[],"meta":{}},{"ancestorTitles":["Tutor Runtime Security"],"fullName":"Tutor Runtime Security rejects bearer-only auth for tutor endpoints","status":"passed","title":"rejects bearer-only auth for tutor endpoints","duration":31.24439999999595,"failureMessages":[],"meta":{}}],"startTime":1776571803043,"endTime":1776571803291.2444,"status":"passed","message":"","name":"C:/Users/14438/projects/Lyceonai/tests/tutor_v2.security.test.ts"},{"assertionResults":[{"ancestorTitles":["Billing checkout (guardian)"],"fullName":"Billing checkout (guardian) guardian checkout targets linked student account in metadata","status":"passed","title":"guardian checkout targets linked student account in metadata","duration":266.5848000000042,"failureMessages":[],"meta":{}}],"startTime":1776571803675,"endTime":1776571803941.5847,"status":"passed","message":"","name":"C:/Users/14438/projects/Lyceonai/server/__tests__/billing-checkout.test.ts"},{"assertionResults":[{"ancestorTitles":["Billing Truth"],"fullName":"Billing Truth webhook replay does not double-apply entitlement changes","status":"passed","title":"webhook replay does not double-apply entitlement changes","duration":14.19079999999667,"failureMessages":[],"meta":{}},{"ancestorTitles":["Billing Truth"],"fullName":"Billing Truth guardian-paid checkout applies entitlement to selected student, not guardian","status":"passed","title":"guardian-paid checkout applies entitlement to selected student, not guardian","duration":23.071299999995972,"failureMessages":[],"meta":{}},{"ancestorTitles":["Billing Truth"],"fullName":"Billing Truth runtime access gate reads canonical student entitlement, not legacy profile billing fields","status":"passed","title":"runtime access gate reads canonical student entitlement, not legacy profile billing fields","duration":0.922100000003411,"failureMessages":[],"meta":{}}],"startTime":1776571808589,"endTime":1776571808627.922,"status":"passed","message":"","name":"C:/Users/14438/projects/Lyceonai/server/__tests__/billing-truth.test.ts"},{"assertionResults":[{"ancestorTitles":["Deletion Lifecycle"],"fullName":"Deletion Lifecycle deletion request enters pending state","status":"failed","title":"deletion request enters pending state","duration":18.897399999999834,"failureMessages":["ReferenceError: jest is not defined\n    at C:/Users/14438/projects/Lyceonai/server/__tests__/deletion-lifecycle.test.ts:6:9\n    at file:///C:/Users/14438/projects/Lyceonai/node_modules/.pnpm/@vitest+runner@4.0.17/node_modules/@vitest/runner/dist/index.js:145:11\n    at file:///C:/Users/14438/projects/Lyceonai/node_modules/.pnpm/@vitest+runner@4.0.17/node_modules/@vitest/runner/dist/index.js:1243:20\n    at new Promise (<anonymous>)\n    at runWithTimeout (file:///C:/Users/14438/projects/Lyceonai/node_modules/.pnpm/@vitest+runner@4.0.17/node_modules/@vitest/runner/dist/index.js:1209:10)\n    at runHook (file:///C:/Users/14438/projects/Lyceonai/node_modules/.pnpm/@vitest+runner@4.0.17/node_modules/@vitest/runner/dist/index.js:1514:51)\n    at callSuiteHook (file:///C:/Users/14438/projects/Lyceonai/node_modules/.pnpm/@vitest+runner@4.0.17/node_modules/@vitest/runner/dist/index.js:1520:25)\n    at file:///C:/Users/14438/projects/Lyceonai/node_modules/.pnpm/@vitest+runner@4.0.17/node_modules/@vitest/runner/dist/index.js:1676:37\n    at Traces.$ (file:///C:/Users/14438/projects/Lyceonai/node_modules/.pnpm/vitest@4.0.17_@types+node@2_10b469a69648c0fe168142dd97427a7f/node_modules/vitest/dist/chunks/traces.CCmnQaNT.js:142:27)\n    at trace (file:///C:/Users/14438/projects/Lyceonai/node_modules/.pnpm/vitest@4.0.17_@types+node@2_10b469a69648c0fe168142dd97427a7f/node_modules/vitest/dist/chunks/test.B8ej_ZHS.js:239:21)"],"meta":{}},{"ancestorTitles":["Deletion Lifecycle"],"fullName":"Deletion Lifecycle cancellation inside 24h succeeds","status":"failed","title":"cancellation inside 24h succeeds","duration":2.3581000000012864,"failureMessages":["ReferenceError: jest is not defined\n    at C:/Users/14438/projects/Lyceonai/server/__tests__/deletion-lifecycle.test.ts:6:9\n    at file:///C:/Users/14438/projects/Lyceonai/node_modules/.pnpm/@vitest+runner@4.0.17/node_modules/@vitest/runner/dist/index.js:145:11\n    at file:///C:/Users/14438/projects/Lyceonai/node_modules/.pnpm/@vitest+runner@4.0.17/node_modules/@vitest/runner/dist/index.js:1243:20\n    at new Promise (<anonymous>)\n    at runWithTimeout (file:///C:/Users/14438/projects/Lyceonai/node_modules/.pnpm/@vitest+runner@4.0.17/node_modules/@vitest/runner/dist/index.js:1209:10)\n    at runHook (file:///C:/Users/14438/projects/Lyceonai/node_modules/.pnpm/@vitest+runner@4.0.17/node_modules/@vitest/runner/dist/index.js:1514:51)\n    at callSuiteHook (file:///C:/Users/14438/projects/Lyceonai/node_modules/.pnpm/@vitest+runner@4.0.17/node_modules/@vitest/runner/dist/index.js:1520:25)\n    at file:///C:/Users/14438/projects/Lyceonai/node_modules/.pnpm/@vitest+runner@4.0.17/node_modules/@vitest/runner/dist/index.js:1676:37\n    at Traces.$ (file:///C:/Users/14438/projects/Lyceonai/node_modules/.pnpm/vitest@4.0.17_@types+node@2_10b469a69648c0fe168142dd97427a7f/node_modules/vitest/dist/chunks/traces.CCmnQaNT.js:142:27)\n    at trace (file:///C:/Users/14438/projects/Lyceonai/node_modules/.pnpm/vitest@4.0.17_@types+node@2_10b469a69648c0fe168142dd97427a7f/node_modules/vitest/dist/chunks/test.B8ej_ZHS.js:239:21)"],"meta":{}},{"ancestorTitles":["Deletion Lifecycle"],"fullName":"Deletion Lifecycle post-grace execution de-identifies or removes the right fields","status":"failed","title":"post-grace execution de-identifies or removes the right fields","duration":1.9794999999994616,"failureMessages":["ReferenceError: jest is not defined\n    at C:/Users/14438/projects/Lyceonai/server/__tests__/deletion-lifecycle.test.ts:6:9\n    at file:///C:/Users/14438/projects/Lyceonai/node_modules/.pnpm/@vitest+runner@4.0.17/node_modules/@vitest/runner/dist/index.js:145:11\n    at file:///C:/Users/14438/projects/Lyceonai/node_modules/.pnpm/@vitest+runner@4.0.17/node_modules/@vitest/runner/dist/index.js:1243:20\n    at new Promise (<anonymous>)\n    at runWithTimeout (file:///C:/Users/14438/projects/Lyceonai/node_modules/.pnpm/@vitest+runner@4.0.17/node_modules/@vitest/runner/dist/index.js:1209:10)\n    at runHook (file:///C:/Users/14438/projects/Lyceonai/node_modules/.pnpm/@vitest+runner@4.0.17/node_modules/@vitest/runner/dist/index.js:1514:51)\n    at callSuiteHook (file:///C:/Users/14438/projects/Lyceonai/node_modules/.pnpm/@vitest+runner@4.0.17/node_modules/@vitest/runner/dist/index.js:1520:25)\n    at file:///C:/Users/14438/projects/Lyceonai/node_modules/.pnpm/@vitest+runner@4.0.17/node_modules/@vitest/runner/dist/index.js:1676:37\n    at Traces.$ (file:///C:/Users/14438/projects/Lyceonai/node_modules/.pnpm/vitest@4.0.17_@types+node@2_10b469a69648c0fe168142dd97427a7f/node_modules/vitest/dist/chunks/traces.CCmnQaNT.js:142:27)\n    at trace (file:///C:/Users/14438/projects/Lyceonai/node_modules/.pnpm/vitest@4.0.17_@types+node@2_10b469a69648c0fe168142dd97427a7f/node_modules/vitest/dist/chunks/test.B8ej_ZHS.js:239:21)"],"meta":{}},{"ancestorTitles":["Deletion Lifecycle"],"fullName":"Deletion Lifecycle internal IDs/ledger continuity remain intact where intentionally preserved","status":"failed","title":"internal IDs/ledger continuity remain intact where intentionally preserved","duration":1.7199999999993452,"failureMessages":["ReferenceError: jest is not defined\n    at C:/Users/14438/projects/Lyceonai/server/__tests__/deletion-lifecycle.test.ts:6:9\n    at file:///C:/Users/14438/projects/Lyceonai/node_modules/.pnpm/@vitest+runner@4.0.17/node_modules/@vitest/runner/dist/index.js:145:11\n    at file:///C:/Users/14438/projects/Lyceonai/node_modules/.pnpm/@vitest+runner@4.0.17/node_modules/@vitest/runner/dist/index.js:1243:20\n    at new Promise (<anonymous>)\n    at runWithTimeout (file:///C:/Users/14438/projects/Lyceonai/node_modules/.pnpm/@vitest+runner@4.0.17/node_modules/@vitest/runner/dist/index.js:1209:10)\n    at runHook (file:///C:/Users/14438/projects/Lyceonai/node_modules/.pnpm/@vitest+runner@4.0.17/node_modules/@vitest/runner/dist/index.js:1514:51)\n    at callSuiteHook (file:///C:/Users/14438/projects/Lyceonai/node_modules/.pnpm/@vitest+runner@4.0.17/node_modules/@vitest/runner/dist/index.js:1520:25)\n    at file:///C:/Users/14438/projects/Lyceonai/node_modules/.pnpm/@vitest+runner@4.0.17/node_modules/@vitest/runner/dist/index.js:1676:37\n    at Traces.$ (file:///C:/Users/14438/projects/Lyceonai/node_modules/.pnpm/vitest@4.0.17_@types+node@2_10b469a69648c0fe168142dd97427a7f/node_modules/vitest/dist/chunks/traces.CCmnQaNT.js:142:27)\n    at trace (file:///C:/Users/14438/projects/Lyceonai/node_modules/.pnpm/vitest@4.0.17_@types+node@2_10b469a69648c0fe168142dd97427a7f/node_modules/vitest/dist/chunks/test.B8ej_ZHS.js:239:21)"],"meta":{}},{"ancestorTitles":["Deletion Lifecycle"],"fullName":"Deletion Lifecycle deleted/de-identified user no longer has active runtime visibility/access where prohibited","status":"failed","title":"deleted/de-identified user no longer has active runtime visibility/access where prohibited","duration":2.3457999999991443,"failureMessages":["ReferenceError: jest is not defined\n    at C:/Users/14438/projects/Lyceonai/server/__tests__/deletion-lifecycle.test.ts:37:21\n    at file:///C:/Users/14438/projects/Lyceonai/node_modules/.pnpm/@vitest+runner@4.0.17/node_modules/@vitest/runner/dist/index.js:145:11\n    at file:///C:/Users/14438/projects/Lyceonai/node_modules/.pnpm/@vitest+runner@4.0.17/node_modules/@vitest/runner/dist/index.js:915:26\n    at file:///C:/Users/14438/projects/Lyceonai/node_modules/.pnpm/@vitest+runner@4.0.17/node_modules/@vitest/runner/dist/index.js:1243:20\n    at new Promise (<anonymous>)\n    at runWithTimeout (file:///C:/Users/14438/projects/Lyceonai/node_modules/.pnpm/@vitest+runner@4.0.17/node_modules/@vitest/runner/dist/index.js:1209:10)\n    at file:///C:/Users/14438/projects/Lyceonai/node_modules/.pnpm/@vitest+runner@4.0.17/node_modules/@vitest/runner/dist/index.js:1653:37\n    at Traces.$ (file:///C:/Users/14438/projects/Lyceonai/node_modules/.pnpm/vitest@4.0.17_@types+node@2_10b469a69648c0fe168142dd97427a7f/node_modules/vitest/dist/chunks/traces.CCmnQaNT.js:142:27)\n    at trace (file:///C:/Users/14438/projects/Lyceonai/node_modules/.pnpm/vitest@4.0.17_@types+node@2_10b469a69648c0fe168142dd97427a7f/node_modules/vitest/dist/chunks/test.B8ej_ZHS.js:239:21)\n    at runTest (file:///C:/Users/14438/projects/Lyceonai/node_modules/.pnpm/@vitest+runner@4.0.17/node_modules/@vitest/runner/dist/index.js:1653:12)","ReferenceError: jest is not defined\n    at C:/Users/14438/projects/Lyceonai/server/__tests__/deletion-lifecycle.test.ts:6:9\n    at file:///C:/Users/14438/projects/Lyceonai/node_modules/.pnpm/@vitest+runner@4.0.17/node_modules/@vitest/runner/dist/index.js:145:11\n    at file:///C:/Users/14438/projects/Lyceonai/node_modules/.pnpm/@vitest+runner@4.0.17/node_modules/@vitest/runner/dist/index.js:1243:20\n    at new Promise (<anonymous>)\n    at runWithTimeout (file:///C:/Users/14438/projects/Lyceonai/node_modules/.pnpm/@vitest+runner@4.0.17/node_modules/@vitest/runner/dist/index.js:1209:10)\n    at runHook (file:///C:/Users/14438/projects/Lyceonai/node_modules/.pnpm/@vitest+runner@4.0.17/node_modules/@vitest/runner/dist/index.js:1514:51)\n    at callSuiteHook (file:///C:/Users/14438/projects/Lyceonai/node_modules/.pnpm/@vitest+runner@4.0.17/node_modules/@vitest/runner/dist/index.js:1520:25)\n    at file:///C:/Users/14438/projects/Lyceonai/node_modules/.pnpm/@vitest+runner@4.0.17/node_modules/@vitest/runner/dist/index.js:1676:37\n    at Traces.$ (file:///C:/Users/14438/projects/Lyceonai/node_modules/.pnpm/vitest@4.0.1
[...]
{}},{"ancestorTitles":["adaptiveSelector"],"fullName":"adaptiveSelector should handle rw section correctly","status":"passed","title":"should handle rw section correctly","duration":3.847300000001269,"failureMessages":[],"meta":{}},{"ancestorTitles":["adaptiveSelector"],"fullName":"adaptiveSelector should map question to student format correctly","status":"passed","title":"should map question to student format correctly","duration":7.159299999999348,"failureMessages":[],"meta":{}},{"ancestorTitles":["adaptiveSelector"],"fullName":"adaptiveSelector balanced mode picks deterministically","status":"passed","title":"balanced mode picks deterministically","duration":8.61409999999887,"failureMessages":[],"meta":{}},{"ancestorTitles":["adaptiveSelector"],"fullName":"adaptiveSelector difficulty randomness is deterministic per seed","status":"passed","title":"difficulty randomness is deterministic per seed","duration":11.952700000001641,"failureMessages":[],"meta":{}}],"startTime":1776571804191,"endTime":1776571804273.9526,"status":"passed","message":"","name":"C:/Users/14438/projects/Lyceonai/apps/api/src/services/__tests__/adaptiveSelector.test.ts"},{"assertionResults":[{"ancestorTitles":["Full-Length Exam Contract Closure"],"fullName":"Full-Length Exam Contract Closure calculateScaledScore is deterministic and SAT-bounded","status":"passed","title":"calculateScaledScore is deterministic and SAT-bounded","duration":8.353699999999662,"failureMessages":[],"meta":{}},{"ancestorTitles":["Full-Length Exam Contract Closure"],"fullName":"Full-Length Exam Contract Closure completeExam emits internally consistent raw/scaled/domain/skill outputs","status":"passed","title":"completeExam emits internally consistent raw/scaled/domain/skill outputs","duration":33.14099999999962,"failureMessages":[],"meta":{}},{"ancestorTitles":["Full-Length Exam Contract Closure"],"fullName":"Full-Length Exam Contract Closure duplicate same-answer submission is idempotent (first write wins)","status":"failed","title":"duplicate same-answer submission is idempotent (first write wins)","duration":41.02890000000025,"failureMessages":["Error: Unsupported question type for full-length exam\n    at Module.submitAnswer (C:/Users/14438/projects/Lyceonai/apps/api/src/services/fullLengthExam.ts:2503:11)\n    at C:/Users/14438/projects/Lyceonai/apps/api/src/services/__tests__/fullLengthExam.contract.test.ts:390:5\n    at file:///C:/Users/14438/projects/Lyceonai/node_modules/.pnpm/@vitest+runner@4.0.17/node_modules/@vitest/runner/dist/index.js:915:20"],"meta":{}},{"ancestorTitles":["Full-Length Exam Contract Closure"],"fullName":"Full-Length Exam Contract Closure fails closed when duplicate submission replays with a different answer","status":"failed","title":"fails closed when duplicate submission replays with a different answer","duration":6.7390000000004875,"failureMessages":["Error: Unsupported question type for full-length exam\n    at Module.submitAnswer (C:/Users/14438/projects/Lyceonai/apps/api/src/services/fullLengthExam.ts:2503:11)\n    at C:/Users/14438/projects/Lyceonai/apps/api/src/services/__tests__/fullLengthExam.contract.test.ts:518:5\n    at file:///C:/Users/14438/projects/Lyceonai/node_modules/.pnpm/@vitest+runner@4.0.17/node_modules/@vitest/runner/dist/index.js:915:20"],"meta":{}},{"ancestorTitles":["Full-Length Exam Contract Closure"],"fullName":"Full-Length Exam Contract Closure review remains locked until completion","status":"passed","title":"review remains locked until completion","duration":5.849099999999453,"failureMessages":[],"meta":{}}],"startTime":1776571755704,"endTime":1776571755800.849,"status":"failed","message":"","name":"C:/Users/14438/projects/Lyceonai/apps/api/src/services/__tests__/fullLengthExam.contract.test.ts"},{"assertionResults":[{"ancestorTitles":["Full-Length -> Canonical Mastery Event Bridge"],"fullName":"Full-Length -> Canonical Mastery Event Bridge emits test_pass event on module submission for correct answers","status":"passed","title":"emits test_pass event on module submission for correct answers","duration":27.656499999997322,"failureMessages":[],"meta":{}},{"ancestorTitles":["Full-Length -> Canonical Mastery Event Bridge"],"fullName":"Full-Length -> Canonical Mastery Event Bridge does not emit duplicate mastery events when module submission is replayed","status":"passed","title":"does not emit duplicate mastery events when module submission is replayed","duration":5.736199999999371,"failureMessages":[],"meta":{}},{"ancestorTitles":["Full-Length -> Canonical Mastery Event Bridge"],"fullName":"Full-Length -> Canonical Mastery Event Bridge does not emit duplicate mastery events when submit loses status race","status":"passed","title":"does not emit duplicate mastery events when submit loses status race","duration":12.65559999999823,"failureMessages":[],"meta":{}},{"ancestorTitles":["Full-Length -> Canonical Mastery Event Bridge"],"fullName":"Full-Length -> Canonical Mastery Event Bridge skips mastery emission when difficulty bucket cannot be resolved","status":"passed","title":"skips mastery emission when difficulty bucket cannot be resolved","duration":6.47269999999844,"failureMessages":[],"meta":{}}],"startTime":1776571810684,"endTime":1776571810737.4727,"status":"passed","message":"","name":"C:/Users/14438/projects/Lyceonai/apps/api/src/services/__tests__/fullLengthExam.mastery-events.test.ts"},{"assertionResults":[{"ancestorTitles":["Full-Length Runtime Contract Additions"],"fullName":"Full-Length Runtime Contract Additions fails closed when no modeled score table exists for totalQuestions","status":"passed","title":"fails closed when no modeled score table exists for totalQuestions","duration":12.7983000000022,"failureMessages":[],"meta":{}},{"ancestorTitles":["Full-Length Runtime Contract Additions"],"fullName":"Full-Length Runtime Contract Additions accepts a published DB-backed form id and materializes fixed item order (no hardcoded single-form gate)","status":"passed","title":"accepts a published DB-backed form id and materializes fixed item order (no hardcoded single-form gate)","duration":35.421000000002095,"failureMessages":[],"meta":{}},{"ancestorTitles":["Full-Length Runtime Contract Additions"],"fullName":"Full-Length Runtime Contract Additions replays an active session without re-materializing questions (no reshuffle on resume/replay)","status":"passed","title":"replays an active session without re-materializing questions (no reshuffle on resume/replay)","duration":3.112699999997858,"failureMessages":[],"meta":{}},{"ancestorTitles":["Full-Length Runtime Contract Additions"],"fullName":"Full-Length Runtime Contract Additions rejects draft test forms on session start","status":"passed","title":"rejects draft test forms on session start","duration":6.898399999998219,"failureMessages":[],"meta":{}},{"ancestorTitles":["Full-Length Runtime Contract Additions"],"fullName":"Full-Length Runtime Contract Additions rejects missing test forms on session start","status":"passed","title":"rejects missing test forms on session start","duration":3.484199999998964,"failureMessages":[],"meta":{}},{"ancestorTitles":["Full-Length Runtime Contract Additions"],"fullName":"Full-Length Runtime Contract Additions denies active-session replay from a different client_instance_id","status":"passed","title":"denies active-session replay from a different client_instance_id","duration":2.7160000000003492,"failureMessages":[],"meta":{}},{"ancestorTitles":["Full-Length Runtime Contract Additions"],"fullName":"Full-Length Runtime Contract Additions emits test_started observability event","status":"passed","title":"emits test_started observability event","duration":6.780500000000757,"failureMessages":[],"meta":{}}],"startTime":1776571806086,"endTime":1776571806157.7805,"status":"passed","message":"","name":"C:/Users/14438/projects/Lyceonai/apps/api/src/services/__tests__/fullLengthExam.runtime.contract.test.ts"},{"assertionResults":[{"ancestorTitles":["Full-Length Exam Service","createExamSession - Idempotency"],"fullName":"Full-Length Exam Service createExamSession - Idempotency should return existing active session instead of creating duplicate","status":"passed","title":"should return existing active session instead of creating duplicate","duration":13.701799999999821,"failureMessages":[],"meta":{}},{"ancestorTitles":["Full-Length Exam Service","createExamSession - Idempotency"],"fullName":"Full-Length Exam Service createExamSession - Idempotency should NOT call insert when an active session exists","status":"passed","title":"should NOT call insert when an active session exists","duration":2.960900000000038,"failureMessages":[],"meta":{}},{"ancestorTitles":["Full-Length Exam Service","createExamSession - Idempotency"],"fullName":"Full-Length Exam Service createExamSession - Idempotency should create new session when no active session exists","status":"passed","title":"should create new session when no active session exists","duration":21.767900000000736,"failureMessages":[],"meta":{}},{"ancestorTitles":["Full-Length Exam Service","createExamSession - Idempotency"],"fullName":"Full-Length Exam Service createExamSession - Idempotency should check for active statuses: not_started, in_progress, and break (not completed)","status":"passed","title":"should check for active statuses: not_started, in_progress, and break (not completed)","duration":13.60069999999996,"failureMessages":[],"meta":{}},{"ancestorTitles":["Full-Length Exam Service","createExamSession - Idempotency"],"fullName":"Full-Length Exam Service createExamSession - Idempotency should handle race condition by returning existing session on unique constraint violation","status":"passed","title":"should handle race condition by returning existing session on unique constraint violation","duration":6.670800000000781,"failureMessages":[],"meta":{}},{"ancestorTitles":["Full-Length Exam Service","getCurrentSession - Answer State Restoration"],"fullName":"Full-Length Exam Service getCurrentSession - Answer State Restoration should include submitted answers in current question payload","status":"passed","title":"should include submitted answers in current question payload","duration":0.8468000000002576,"failureMessages":[],"meta":{}},{"ancestorTitles":["Full-Length Exam Service","getCurrentSession - Answer State Restoration"],"fullName":"Full-Length Exam Service getCurrentSession - Answer State Restoration should not include classification field (anti-leak)","status":"passed","title":"should not include classification field (anti-leak)","duration":1.7980999999999767,"failureMessages":[],"meta":{}},{"ancestorTitles":["Full-Length Exam Service","getCurrentSession - Answer State Restoration"],"fullName":"Full-Length Exam Service getCurrentSession - Answer State Restoration should not expose correct_answer or explanation in current question payload","status":"failed","title":"should not expose correct_answer or explanation in current question payload","duration":30.00709999999981,"failureMessages":["AssertionError: expected undefined to be 'q-1' // Object.is equality\n    at C:/Users/14438/projects/Lyceonai/apps/api/src/services/__tests__/fullLengthExam.test.ts:783:42\n    at file:///C:/Users/14438/projects/Lyceonai/node_modules/.pnpm/@vitest+runner@4.0.17/node_modules/@vitest/runner/dist/index.js:915:20"],"meta":{}},{"ancestorTitles":["Full-Length Exam Service","completeExam - Terminal State Guard"],"fullName":"Full-Length Exam Service completeExam - Terminal State Guard should reject completion before Math Module 2 is submitted","status":"passed","title":"should reject completion before Math Module 2 is submitted","duration":8.54489999999987,"failureMessages":[],"meta":{}},{"ancestorTitles":["Full-Length Exam Service","completeExam - Terminal State Guard"],"fullName":"Full-Length Exam Service completeExam - Terminal State Guard should reject completion when session is not in terminal state (not at math module 2)","status":"passed","title":"should reject completion when session is not in terminal state (not at math module 2)","duration":10.235099999999875,"failureMessages":[],"meta":{}},{"ancestorTitles":["Full-Length Exam Service","completeExam - Terminal State Guard"],"fullName":"Full-Length Exam Service completeExam - Terminal State Guard should recompute canonical report when session is already completed (idempotent)","status":"passed","title":"should recompute canonical report when session is already completed (idempotent)","duration":21.020400000000336,"failureMessages":[],"meta":{}},{"ancestorTitles":["Full-Length Exam Service","completeExam - Terminal State Guard"],"fullName":"Full-Length Exam Service completeExam - Terminal State Guard should persist rollup on first completion and recompute canonical report on second","status":"passed","title":"should persist rollup on first completion and recompute canonical report on second","duration":16.719699999999648,"failureMessages":[],"meta":{}},{"ancestorTitles":["Full-Length Exam Service","submitModule - Module2 Single-Write Guarantee"],"fullName":"Full-Length Exam Service submitModule - Module2 Single-Write Guarantee should not overwrite difficulty_bucket if already set","status":"failed","title":"should not overwrite difficulty_bucket if already set","duration":20.22519999999895,"failureMessages":["Error: Materialized module questions missing for scoring\n    at getModuleQuestionTotal (C:/Users/14438/projects/Lyceonai/apps/api/src/services/fullLengthExam.ts:1679:11)\n    at Module.submitModule (C:/Users/14438/projects/Lyceonai/apps/api/src/services/fullLengthExam.ts:2773:22)\n    at C:/Users/14438/projects/Lyceonai/apps/api/src/services/__tests__/fullLengthExam.test.ts:1515:7\n    at file:///C:/Users/14438/projects/Lyceonai/node_modules/.pnpm/@vitest+runner@4.0.17/node_modules/@vitest/runner/dist/index.js:915:20"],"meta":{}},{"ancestorTitles":["Full-Length Exam Service","submitModule - Deterministic Timing Rules"],"fullName":"Full-Length Exam Service submitModule - Deterministic Timing Rules should reject submission if ends_at is null (module not started)","status":"passed","title":"should reject submission if ends_at is null (module not started)","duration":2.7361000000000786,"failureMessages":[],"meta":{}},{"ancestorTitles":["Full-Length Exam Service","submitModule - Deterministic Timing Rules"],"fullName":"Full-Length Exam Service submitModule - Deterministic Timing Rules should set submitted_late=true when ends_at is in the past","status":"failed","title":"should set submitted_late=true when ends_at is in the past","duration":4.509400000000824,"failureMessages":["TypeError: Cannot read properties of undefined (reading 'eq')\n    at getModuleQuestionTotal (C:/Users/14438/projects/Lyceonai/apps/api/src/services/fullLengthExam.ts:1671:17)\n    at Module.submitModule (C:/Users/14438/projects/Lyceonai/apps/api/src/services/fullLengthExam.ts:2773:28)\n    at C:/Users/14438/projects/Lyceonai/apps/api/src/services/__tests__/fullLengthExam.test.ts:1690:7\n    at file:///C:/Users/14438/projects/Lyceonai/node_modules/.pnpm/@vitest+runner@4.0.17/node_modules/@vitest/runner/dist/index.js:915:20"],"meta":{}},{"ancestorTitles":["Full-Length Exam Service","submitModule - Deterministic Timing Rules"],"fullName":"Full-Length Exam Service submitModule - Deterministic Timing Rules should set submitted_late=false when submitting on time","status":"failed","title":"should set submitted_late=false when submitting on time","duration":6.204799999999523,"failureMessages":["TypeError: Cannot read properties of undefined (reading 'eq')\n    at getModuleQuestionTotal (C:/Users/14438/projects/Lyceonai/apps/api/src/services/fullLengthExam.ts:1671:17)\n    at Module.submitModule (C:/Users/14438/projects/Lyceonai/apps/api/src/services/fullLengthExam.ts:2773:28)\n    at C:/Users/14438/projects/Lyceonai/apps/api/src/services/__tests__/fullLengthExam.test.ts:1799:7\n    at file:///C:/Users/14438/projects/Lyceonai/node_modules/.pnpm/@vitest+runner@4.0.17/node_modules/@vitest/runner/dist/index.js:915:20"],"meta":{}},{"ancestorTitles":["Full-Length Exam Service","submitModule - Deterministic Timing Rules"],"fullName":"Full-Length Exam Service submitModule - Deterministic Timing Rules should reject submission if module status is not in_progress","status":"passed","title":"should reject submission if module status is not in_progress","duration":11.75840000000062,"failureMessages":[],"meta":{}},{"ancestorTitles":["Full-Length Exam Service","getExamReview - Safe Question Field Projection"],"fullName":"Full-Length Exam Service getExamReview - Safe Question Field Projection should NOT include answer/explanation fields for not-completed session","status":"passed","title":"should NOT include answer/explanation fields for not-completed session","duration":8.350399999999354,"failureMessages":[],"meta":{}},{"ancestorTitles":["Full-Length Exam Service","getExamReview - Safe Question Field Projection"],"fullName":"Full-Length Exam Service getExamReview - Safe Question Field Projection should include answer/explanation fields for completed session","status":"passed","title":"should include answer/explanation fields for completed session","duration":5.154399999999441,"failureMessages":[],"meta":{}},{"ancestorTitles":["Full-Length Exam Service","getExamReview - Safe Question Field Projection"],"fullName":"Full-Length Exam Service getExamReview - Safe Question Field Projection should verify allowlist constant contains only safe fields","status":"passed","title":"should verify allowlist constant contains only safe fields","duration":9.680399999999281,"failureMessages":[],"meta":{}},{"ancestorTitles":["Full-Length Exam Service","getExamReview - Safe Question Field Projection"],"fullName":"Full-Length Exam Service getExamReview - Safe Question Field Projection should verify answer fields constant contains the right fields","status":"passed","title":"should verify answer fields constant contains the right fields","duration":1.6504000000004453,"failureMessages":[],"meta":{}}],"startTime":1776571755729,"endTime":1776571755951.6504,"status":"failed","message":"","name":"C:/Users/14438/projects/Lyceonai/apps/api/src/services/__tests__/fullLengthExam.test.ts"},{"assertionResults":[{"ancestorTitles":["exam-form-builder"],"fullName":"exam-form-builder builds correct module sizes","status":"passed","title":"builds correct module sizes","duration":74.45790000000125,"failureMessages":[],"meta":{}},{"ancestorTitles":["exam-form-builder"],"fullName":"exam-form-builder no duplicates within RW modules and within Math modules","status":"passed","title":"no duplicates within RW modules and within Math modules","duration":18.265599999998813,"failureMessages":[],"meta":{}},{"ancestorTitles":["exam-form-builder"],"fullName":"exam-form-builder marks exactly 2 pretests per module","status":"passed","title":"marks exactly 2 pretests per module","duration":12.35679999999411,"failureMessages":[],"meta":{}},{"ancestorTitles":["exam-form-builder"],"fullName":"exam-form-builder R&W is grouped by domain order (non-decreasing group index)","status":"passed","title":"R&W is grouped by domain order (non-decreasing group index)","duration":14.046399999999267,"failureMessages":[],"meta":{}},{"ancestorTitles":["exam-form-builder"],"fullName":"exam-form-builder deterministic: same seed yields same blueprint","status":"passed","title":"deterministic: same seed yields same blueprint","duration":15.561700000005658,"failureMessages":[],"meta":{}},{"ancestorTitles":["exam-form-builder"],"fullName":"exam-form-builder variation: different seeds yield different selection (usually)","status":"passed","title":"variation: different seeds yield different selection (usually)","duration":12.694600000002538,"failureMessages":[],"meta":{}}],"startTime":1776571782169,"endTime":1776571782319.6946,"status":"passed","message":"","name":"C:/Users/14438/projects/Lyceonai/apps/api/src/services/exams/__tests__/exam-form-builder.test.ts"}]}